\BOOKMARK [1][-]{section.1}{\376\377\0001\000\040\000D\000S\000P\000\040\000I\000I\000R\000\040\000R\000e\000a\000l\000t\000i\000m\000e\000\040\000C\000+\000+\000\040\000f\000i\000l\000t\000e\000r\000\040\000l\000i\000b\000r\000a\000r\000y}{}% 1
\BOOKMARK [1][-]{section.2}{\376\377\0002\000\040\000N\000a\000m\000e\000s\000p\000a\000c\000e\000\040\000I\000n\000d\000e\000x}{}% 2
\BOOKMARK [2][-]{subsection.2.1}{\376\377\0002\000.\0001\000\040\000N\000a\000m\000e\000s\000p\000a\000c\000e\000\040\000L\000i\000s\000t}{section.2}% 3
\BOOKMARK [1][-]{section.3}{\376\377\0003\000\040\000H\000i\000e\000r\000a\000r\000c\000h\000i\000c\000a\000l\000\040\000I\000n\000d\000e\000x}{}% 4
\BOOKMARK [2][-]{subsection.3.1}{\376\377\0003\000.\0001\000\040\000C\000l\000a\000s\000s\000\040\000H\000i\000e\000r\000a\000r\000c\000h\000y}{section.3}% 5
\BOOKMARK [1][-]{section.4}{\376\377\0004\000\040\000C\000l\000a\000s\000s\000\040\000I\000n\000d\000e\000x}{}% 6
\BOOKMARK [2][-]{subsection.4.1}{\376\377\0004\000.\0001\000\040\000C\000l\000a\000s\000s\000\040\000L\000i\000s\000t}{section.4}% 7
\BOOKMARK [1][-]{section.5}{\376\377\0005\000\040\000F\000i\000l\000e\000\040\000I\000n\000d\000e\000x}{}% 8
\BOOKMARK [2][-]{subsection.5.1}{\376\377\0005\000.\0001\000\040\000F\000i\000l\000e\000\040\000L\000i\000s\000t}{section.5}% 9
\BOOKMARK [1][-]{section.6}{\376\377\0006\000\040\000N\000a\000m\000e\000s\000p\000a\000c\000e\000\040\000D\000o\000c\000u\000m\000e\000n\000t\000a\000t\000i\000o\000n}{}% 10
\BOOKMARK [2][-]{subsection.6.1}{\376\377\0006\000.\0001\000\040\000I\000i\000r\000\040\000N\000a\000m\000e\000s\000p\000a\000c\000e\000\040\000R\000e\000f\000e\000r\000e\000n\000c\000e}{section.6}% 11
\BOOKMARK [3][-]{subsubsection.6.1.1}{\376\377\0006\000.\0001\000.\0001\000\040\000D\000e\000t\000a\000i\000l\000e\000d\000\040\000D\000e\000s\000c\000r\000i\000p\000t\000i\000o\000n}{subsection.6.1}% 12
\BOOKMARK [2][-]{subsection.6.2}{\376\377\0006\000.\0002\000\040\000I\000i\000r\000:\000:\000B\000u\000t\000t\000e\000r\000w\000o\000r\000t\000h\000\040\000N\000a\000m\000e\000s\000p\000a\000c\000e\000\040\000R\000e\000f\000e\000r\000e\000n\000c\000e}{section.6}% 13
\BOOKMARK [3][-]{subsubsection.6.2.1}{\376\377\0006\000.\0002\000.\0001\000\040\000D\000e\000t\000a\000i\000l\000e\000d\000\040\000D\000e\000s\000c\000r\000i\000p\000t\000i\000o\000n}{subsection.6.2}% 14
\BOOKMARK [2][-]{subsection.6.3}{\376\377\0006\000.\0003\000\040\000I\000i\000r\000:\000:\000C\000h\000e\000b\000y\000s\000h\000e\000v\000I\000\040\000N\000a\000m\000e\000s\000p\000a\000c\000e\000\040\000R\000e\000f\000e\000r\000e\000n\000c\000e}{section.6}% 15
\BOOKMARK [3][-]{subsubsection.6.3.1}{\376\377\0006\000.\0003\000.\0001\000\040\000D\000e\000t\000a\000i\000l\000e\000d\000\040\000D\000e\000s\000c\000r\000i\000p\000t\000i\000o\000n}{subsection.6.3}% 16
\BOOKMARK [2][-]{subsection.6.4}{\376\377\0006\000.\0004\000\040\000I\000i\000r\000:\000:\000C\000h\000e\000b\000y\000s\000h\000e\000v\000I\000I\000\040\000N\000a\000m\000e\000s\000p\000a\000c\000e\000\040\000R\000e\000f\000e\000r\000e\000n\000c\000e}{section.6}% 17
\BOOKMARK [3][-]{subsubsection.6.4.1}{\376\377\0006\000.\0004\000.\0001\000\040\000D\000e\000t\000a\000i\000l\000e\000d\000\040\000D\000e\000s\000c\000r\000i\000p\000t\000i\000o\000n}{subsection.6.4}% 18
\BOOKMARK [2][-]{subsection.6.5}{\376\377\0006\000.\0005\000\040\000I\000i\000r\000:\000:\000C\000u\000s\000t\000o\000m\000\040\000N\000a\000m\000e\000s\000p\000a\000c\000e\000\040\000R\000e\000f\000e\000r\000e\000n\000c\000e}{section.6}% 19
\BOOKMARK [3][-]{subsubsection.6.5.1}{\376\377\0006\000.\0005\000.\0001\000\040\000D\000e\000t\000a\000i\000l\000e\000d\000\040\000D\000e\000s\000c\000r\000i\000p\000t\000i\000o\000n}{subsection.6.5}% 20
\BOOKMARK [1][-]{section.7}{\376\377\0007\000\040\000C\000l\000a\000s\000s\000\040\000D\000o\000c\000u\000m\000e\000n\000t\000a\000t\000i\000o\000n}{}% 21
\BOOKMARK [2][-]{subsection.7.1}{\376\377\0007\000.\0001\000\040\000I\000i\000r\000:\000:\000R\000B\000J\000:\000:\000A\000l\000l\000P\000a\000s\000s\000\040\000S\000t\000r\000u\000c\000t\000\040\000R\000e\000f\000e\000r\000e\000n\000c\000e}{section.7}% 22
\BOOKMARK [3][-]{subsubsection.7.1.1}{\376\377\0007\000.\0001\000.\0001\000\040\000D\000e\000t\000a\000i\000l\000e\000d\000\040\000D\000e\000s\000c\000r\000i\000p\000t\000i\000o\000n}{subsection.7.1}% 23
\BOOKMARK [3][-]{subsubsection.7.1.2}{\376\377\0007\000.\0001\000.\0002\000\040\000M\000e\000m\000b\000e\000r\000\040\000F\000u\000n\000c\000t\000i\000o\000n\000\040\000D\000o\000c\000u\000m\000e\000n\000t\000a\000t\000i\000o\000n}{subsection.7.1}% 24
\BOOKMARK [2][-]{subsection.7.2}{\376\377\0007\000.\0002\000\040\000I\000i\000r\000:\000:\000B\000u\000t\000t\000e\000r\000w\000o\000r\000t\000h\000:\000:\000A\000n\000a\000l\000o\000g\000L\000o\000w\000P\000a\000s\000s\000\040\000C\000l\000a\000s\000s\000\040\000R\000e\000f\000e\000r\000e\000n\000c\000e}{section.7}% 25
\BOOKMARK [3][-]{subsubsection.7.2.1}{\376\377\0007\000.\0002\000.\0001\000\040\000D\000e\000t\000a\000i\000l\000e\000d\000\040\000D\000e\000s\000c\000r\000i\000p\000t\000i\000o\000n}{subsection.7.2}% 26
\BOOKMARK [2][-]{subsection.7.3}{\376\377\0007\000.\0003\000\040\000I\000i\000r\000:\000:\000C\000h\000e\000b\000y\000s\000h\000e\000v\000I\000:\000:\000A\000n\000a\000l\000o\000g\000L\000o\000w\000P\000a\000s\000s\000\040\000C\000l\000a\000s\000s\000\040\000R\000e\000f\000e\000r\000e\000n\000c\000e}{section.7}% 27
\BOOKMARK [3][-]{subsubsection.7.3.1}{\376\377\0007\000.\0003\000.\0001\000\040\000D\000e\000t\000a\000i\000l\000e\000d\000\040\000D\000e\000s\000c\000r\000i\000p\000t\000i\000o\000n}{subsection.7.3}% 28
\BOOKMARK [2][-]{subsection.7.4}{\376\377\0007\000.\0004\000\040\000I\000i\000r\000:\000:\000C\000h\000e\000b\000y\000s\000h\000e\000v\000I\000I\000:\000:\000A\000n\000a\000l\000o\000g\000L\000o\000w\000P\000a\000s\000s\000\040\000C\000l\000a\000s\000s\000\040\000R\000e\000f\000e\000r\000e\000n\000c\000e}{section.7}% 29
\BOOKMARK [3][-]{subsubsection.7.4.1}{\376\377\0007\000.\0004\000.\0001\000\040\000D\000e\000t\000a\000i\000l\000e\000d\000\040\000D\000e\000s\000c\000r\000i\000p\000t\000i\000o\000n}{subsection.7.4}% 30
\BOOKMARK [2][-]{subsection.7.5}{\376\377\0007\000.\0005\000\040\000I\000i\000r\000:\000:\000B\000u\000t\000t\000e\000r\000w\000o\000r\000t\000h\000:\000:\000A\000n\000a\000l\000o\000g\000L\000o\000w\000S\000h\000e\000l\000f\000\040\000C\000l\000a\000s\000s\000\040\000R\000e\000f\000e\000r\000e\000n\000c\000e}{section.7}% 31
\BOOKMARK [3][-]{subsubsection.7.5.1}{\376\377\0007\000.\0005\000.\0001\000\040\000D\000e\000t\000a\000i\000l\000e\000d\000\040\000D\000e\000s\000c\000r\000i\000p\000t\000i\000o\000n}{subsection.7.5}% 32
\BOOKMARK [2][-]{subsection.7.6}{\376\377\0007\000.\0006\000\040\000I\000i\000r\000:\000:\000C\000h\000e\000b\000y\000s\000h\000e\000v\000I\000:\000:\000A\000n\000a\000l\000o\000g\000L\000o\000w\000S\000h\000e\000l\000f\000\040\000C\000l\000a\000s\000s\000\040\000R\000e\000f\000e\000r\000e\000n\000c\000e}{section.7}% 33
\BOOKMARK [3][-]{subsubsection.7.6.1}{\376\377\0007\000.\0006\000.\0001\000\040\000D\000e\000t\000a\000i\000l\000e\000d\000\040\000D\000e\000s\000c\000r\000i\000p\000t\000i\000o\000n}{subsection.7.6}% 34
\BOOKMARK [2][-]{subsection.7.7}{\376\377\0007\000.\0007\000\040\000I\000i\000r\000:\000:\000C\000h\000e\000b\000y\000s\000h\000e\000v\000I\000I\000:\000:\000A\000n\000a\000l\000o\000g\000L\000o\000w\000S\000h\000e\000l\000f\000\040\000C\000l\000a\000s\000s\000\040\000R\000e\000f\000e\000r\000e\000n\000c\000e}{section.7}% 35
\BOOKMARK [3][-]{subsubsection.7.7.1}{\376\377\0007\000.\0007\000.\0001\000\040\000D\000e\000t\000a\000i\000l\000e\000d\000\040\000D\000e\000s\000c\000r\000i\000p\000t\000i\000o\000n}{subsection.7.7}% 36
\BOOKMARK [2][-]{subsection.7.8}{\376\377\0007\000.\0008\000\040\000I\000i\000r\000:\000:\000B\000u\000t\000t\000e\000r\000w\000o\000r\000t\000h\000:\000:\000B\000a\000n\000d\000P\000a\000s\000s\000<\000\040\000F\000i\000l\000t\000e\000r\000O\000r\000d\000e\000r\000,\000\040\000S\000t\000a\000t\000e\000T\000y\000p\000e\000\040\000>\000\040\000S\000t\000r\000u\000c\000t\000\040\000T\000e\000m\000p\000l\000a\000t\000e\000\040\000R\000e\000f\000e\000r\000e\000n\000c\000e}{section.7}% 37
\BOOKMARK [3][-]{subsubsection.7.8.1}{\376\377\0007\000.\0008\000.\0001\000\040\000D\000e\000t\000a\000i\000l\000e\000d\000\040\000D\000e\000s\000c\000r\000i\000p\000t\000i\000o\000n}{subsection.7.8}% 38
\BOOKMARK [3][-]{subsubsection.7.8.2}{\376\377\0007\000.\0008\000.\0002\000\040\000M\000e\000m\000b\000e\000r\000\040\000F\000u\000n\000c\000t\000i\000o\000n\000\040\000D\000o\000c\000u\000m\000e\000n\000t\000a\000t\000i\000o\000n}{subsection.7.8}% 39
\BOOKMARK [2][-]{subsection.7.9}{\376\377\0007\000.\0009\000\040\000I\000i\000r\000:\000:\000C\000h\000e\000b\000y\000s\000h\000e\000v\000I\000:\000:\000B\000a\000n\000d\000P\000a\000s\000s\000<\000\040\000F\000i\000l\000t\000e\000r\000O\000r\000d\000e\000r\000,\000\040\000S\000t\000a\000t\000e\000T\000y\000p\000e\000\040\000>\000\040\000S\000t\000r\000u\000c\000t\000\040\000T\000e\000m\000p\000l\000a\000t\000e\000\040\000R\000e\000f\000e\000r\000e\000n\000c\000e}{section.7}% 40
\BOOKMARK [3][-]{subsubsection.7.9.1}{\376\377\0007\000.\0009\000.\0001\000\040\000D\000e\000t\000a\000i\000l\000e\000d\000\040\000D\000e\000s\000c\000r\000i\000p\000t\000i\000o\000n}{subsection.7.9}% 41
\BOOKMARK [3][-]{subsubsection.7.9.2}{\376\377\0007\000.\0009\000.\0002\000\040\000M\000e\000m\000b\000e\000r\000\040\000F\000u\000n\000c\000t\000i\000o\000n\000\040\000D\000o\000c\000u\000m\000e\000n\000t\000a\000t\000i\000o\000n}{subsection.7.9}% 42
\BOOKMARK [2][-]{subsection.7.10}{\376\377\0007\000.\0001\0000\000\040\000I\000i\000r\000:\000:\000C\000h\000e\000b\000y\000s\000h\000e\000v\000I\000I\000:\000:\000B\000a\000n\000d\000P\000a\000s\000s\000<\000\040\000F\000i\000l\000t\000e\000r\000O\000r\000d\000e\000r\000,\000\040\000S\000t\000a\000t\000e\000T\000y\000p\000e\000\040\000>\000\040\000S\000t\000r\000u\000c\000t\000\040\000T\000e\000m\000p\000l\000a\000t\000e\000\040\000R\000e\000f\000e\000r\000e\000n\000c\000e}{section.7}% 43
\BOOKMARK [3][-]{subsubsection.7.10.1}{\376\377\0007\000.\0001\0000\000.\0001\000\040\000D\000e\000t\000a\000i\000l\000e\000d\000\040\000D\000e\000s\000c\000r\000i\000p\000t\000i\000o\000n}{subsection.7.10}% 44
\BOOKMARK [3][-]{subsubsection.7.10.2}{\376\377\0007\000.\0001\0000\000.\0002\000\040\000M\000e\000m\000b\000e\000r\000\040\000F\000u\000n\000c\000t\000i\000o\000n\000\040\000D\000o\000c\000u\000m\000e\000n\000t\000a\000t\000i\000o\000n}{subsection.7.10}% 45
\BOOKMARK [2][-]{subsection.7.11}{\376\377\0007\000.\0001\0001\000\040\000I\000i\000r\000:\000:\000R\000B\000J\000:\000:\000B\000a\000n\000d\000P\000a\000s\000s\0001\000\040\000S\000t\000r\000u\000c\000t\000\040\000R\000e\000f\000e\000r\000e\000n\000c\000e}{section.7}% 46
\BOOKMARK [3][-]{subsubsection.7.11.1}{\376\377\0007\000.\0001\0001\000.\0001\000\040\000D\000e\000t\000a\000i\000l\000e\000d\000\040\000D\000e\000s\000c\000r\000i\000p\000t\000i\000o\000n}{subsection.7.11}% 47
\BOOKMARK [3][-]{subsubsection.7.11.2}{\376\377\0007\000.\0001\0001\000.\0002\000\040\000M\000e\000m\000b\000e\000r\000\040\000F\000u\000n\000c\000t\000i\000o\000n\000\040\000D\000o\000c\000u\000m\000e\000n\000t\000a\000t\000i\000o\000n}{subsection.7.11}% 48
\BOOKMARK [2][-]{subsection.7.12}{\376\377\0007\000.\0001\0002\000\040\000I\000i\000r\000:\000:\000R\000B\000J\000:\000:\000B\000a\000n\000d\000P\000a\000s\000s\0002\000\040\000S\000t\000r\000u\000c\000t\000\040\000R\000e\000f\000e\000r\000e\000n\000c\000e}{section.7}% 49
\BOOKMARK [3][-]{subsubsection.7.12.1}{\376\377\0007\000.\0001\0002\000.\0001\000\040\000D\000e\000t\000a\000i\000l\000e\000d\000\040\000D\000e\000s\000c\000r\000i\000p\000t\000i\000o\000n}{subsection.7.12}% 50
\BOOKMARK [3][-]{subsubsection.7.12.2}{\376\377\0007\000.\0001\0002\000.\0002\000\040\000M\000e\000m\000b\000e\000r\000\040\000F\000u\000n\000c\000t\000i\000o\000n\000\040\000D\000o\000c\000u\000m\000e\000n\000t\000a\000t\000i\000o\000n}{subsection.7.12}% 51
\BOOKMARK [2][-]{subsection.7.13}{\376\377\0007\000.\0001\0003\000\040\000I\000i\000r\000:\000:\000B\000u\000t\000t\000e\000r\000w\000o\000r\000t\000h\000:\000:\000B\000a\000n\000d\000P\000a\000s\000s\000B\000a\000s\000e\000\040\000S\000t\000r\000u\000c\000t\000\040\000R\000e\000f\000e\000r\000e\000n\000c\000e}{section.7}% 52
\BOOKMARK [2][-]{subsection.7.14}{\376\377\0007\000.\0001\0004\000\040\000I\000i\000r\000:\000:\000C\000h\000e\000b\000y\000s\000h\000e\000v\000I\000:\000:\000B\000a\000n\000d\000P\000a\000s\000s\000B\000a\000s\000e\000\040\000S\000t\000r\000u\000c\000t\000\040\000R\000e\000f\000e\000r\000e\000n\000c\000e}{section.7}% 53
\BOOKMARK [2][-]{subsection.7.15}{\376\377\0007\000.\0001\0005\000\040\000I\000i\000r\000:\000:\000C\000h\000e\000b\000y\000s\000h\000e\000v\000I\000I\000:\000:\000B\000a\000n\000d\000P\000a\000s\000s\000B\000a\000s\000e\000\040\000S\000t\000r\000u\000c\000t\000\040\000R\000e\000f\000e\000r\000e\000n\000c\000e}{section.7}% 54
\BOOKMARK [2][-]{subsection.7.16}{\376\377\0007\000.\0001\0006\000\040\000I\000i\000r\000:\000:\000B\000a\000n\000d\000P\000a\000s\000s\000T\000r\000a\000n\000s\000f\000o\000r\000m\000\040\000C\000l\000a\000s\000s\000\040\000R\000e\000f\000e\000r\000e\000n\000c\000e}{section.7}% 55
\BOOKMARK [3][-]{subsubsection.7.16.1}{\376\377\0007\000.\0001\0006\000.\0001\000\040\000D\000e\000t\000a\000i\000l\000e\000d\000\040\000D\000e\000s\000c\000r\000i\000p\000t\000i\000o\000n}{subsection.7.16}% 56
\BOOKMARK [2][-]{subsection.7.17}{\376\377\0007\000.\0001\0007\000\040\000I\000i\000r\000:\000:\000B\000u\000t\000t\000e\000r\000w\000o\000r\000t\000h\000:\000:\000B\000a\000n\000d\000S\000h\000e\000l\000f\000<\000\040\000F\000i\000l\000t\000e\000r\000O\000r\000d\000e\000r\000,\000\040\000S\000t\000a\000t\000e\000T\000y\000p\000e\000\040\000>\000\040\000S\000t\000r\000u\000c\000t\000\040\000T\000e\000m\000p\000l\000a\000t\000e\000\040\000R\000e\000f\000e\000r\000e\000n\000c\000e}{section.7}% 57
\BOOKMARK [3][-]{subsubsection.7.17.1}{\376\377\0007\000.\0001\0007\000.\0001\000\040\000D\000e\000t\000a\000i\000l\000e\000d\000\040\000D\000e\000s\000c\000r\000i\000p\000t\000i\000o\000n}{subsection.7.17}% 58
\BOOKMARK [3][-]{subsubsection.7.17.2}{\376\377\0007\000.\0001\0007\000.\0002\000\040\000M\000e\000m\000b\000e\000r\000\040\000F\000u\000n\000c\000t\000i\000o\000n\000\040\000D\000o\000c\000u\000m\000e\000n\000t\000a\000t\000i\000o\000n}{subsection.7.17}% 59
\BOOKMARK [2][-]{subsection.7.18}{\376\377\0007\000.\0001\0008\000\040\000I\000i\000r\000:\000:\000C\000h\000e\000b\000y\000s\000h\000e\000v\000I\000:\000:\000B\000a\000n\000d\000S\000h\000e\000l\000f\000<\000\040\000F\000i\000l\000t\000e\000r\000O\000r\000d\000e\000r\000,\000\040\000S\000t\000a\000t\000e\000T\000y\000p\000e\000\040\000>\000\040\000S\000t\000r\000u\000c\000t\000\040\000T\000e\000m\000p\000l\000a\000t\000e\000\040\000R\000e\000f\000e\000r\000e\000n\000c\000e}{section.7}% 60
\BOOKMARK [3][-]{subsubsection.7.18.1}{\376\377\0007\000.\0001\0008\000.\0001\000\040\000D\000e\000t\000a\000i\000l\000e\000d\000\040\000D\000e\000s\000c\000r\000i\000p\000t\000i\000o\000n}{subsection.7.18}% 61
\BOOKMARK [3][-]{subsubsection.7.18.2}{\376\377\0007\000.\0001\0008\000.\0002\000\040\000M\000e\000m\000b\000e\000r\000\040\000F\000u\000n\000c\000t\000i\000o\000n\000\040\000D\000o\000c\000u\000m\000e\000n\000t\000a\000t\000i\000o\000n}{subsection.7.18}% 62
\BOOKMARK [2][-]{subsection.7.19}{\376\377\0007\000.\0001\0009\000\040\000I\000i\000r\000:\000:\000C\000h\000e\000b\000y\000s\000h\000e\000v\000I\000I\000:\000:\000B\000a\000n\000d\000S\000h\000e\000l\000f\000<\000\040\000F\000i\000l\000t\000e\000r\000O\000r\000d\000e\000r\000,\000\040\000S\000t\000a\000t\000e\000T\000y\000p\000e\000\040\000>\000\040\000S\000t\000r\000u\000c\000t\000\040\000T\000e\000m\000p\000l\000a\000t\000e\000\040\000R\000e\000f\000e\000r\000e\000n\000c\000e}{section.7}% 63
\BOOKMARK [3][-]{subsubsection.7.19.1}{\376\377\0007\000.\0001\0009\000.\0001\000\040\000D\000e\000t\000a\000i\000l\000e\000d\000\040\000D\000e\000s\000c\000r\000i\000p\000t\000i\000o\000n}{subsection.7.19}% 64
\BOOKMARK [3][-]{subsubsection.7.19.2}{\376\377\0007\000.\0001\0009\000.\0002\000\040\000M\000e\000m\000b\000e\000r\000\040\000F\000u\000n\000c\000t\000i\000o\000n\000\040\000D\000o\000c\000u\000m\000e\000n\000t\000a\000t\000i\000o\000n}{subsection.7.19}% 65
\BOOKMARK [2][-]{subsection.7.20}{\376\377\0007\000.\0002\0000\000\040\000I\000i\000r\000:\000:\000R\000B\000J\000:\000:\000B\000a\000n\000d\000S\000h\000e\000l\000f\000\040\000S\000t\000r\000u\000c\000t\000\040\000R\000e\000f\000e\000r\000e\000n\000c\000e}{section.7}% 66
\BOOKMARK [3][-]{subsubsection.7.20.1}{\376\377\0007\000.\0002\0000\000.\0001\000\040\000D\000e\000t\000a\000i\000l\000e\000d\000\040\000D\000e\000s\000c\000r\000i\000p\000t\000i\000o\000n}{subsection.7.20}% 67
\BOOKMARK [3][-]{subsubsection.7.20.2}{\376\377\0007\000.\0002\0000\000.\0002\000\040\000M\000e\000m\000b\000e\000r\000\040\000F\000u\000n\000c\000t\000i\000o\000n\000\040\000D\000o\000c\000u\000m\000e\000n\000t\000a\000t\000i\000o\000n}{subsection.7.20}% 68
\BOOKMARK [2][-]{subsection.7.21}{\376\377\0007\000.\0002\0001\000\040\000I\000i\000r\000:\000:\000B\000u\000t\000t\000e\000r\000w\000o\000r\000t\000h\000:\000:\000B\000a\000n\000d\000S\000h\000e\000l\000f\000B\000a\000s\000e\000\040\000S\000t\000r\000u\000c\000t\000\040\000R\000e\000f\000e\000r\000e\000n\000c\000e}{section.7}% 69
\BOOKMARK [2][-]{subsection.7.22}{\376\377\0007\000.\0002\0002\000\040\000I\000i\000r\000:\000:\000C\000h\000e\000b\000y\000s\000h\000e\000v\000I\000:\000:\000B\000a\000n\000d\000S\000h\000e\000l\000f\000B\000a\000s\000e\000\040\000S\000t\000r\000u\000c\000t\000\040\000R\000e\000f\000e\000r\000e\000n\000c\000e}{section.7}% 70
\BOOKMARK [2][-]{subsection.7.23}{\376\377\0007\000.\0002\0003\000\040\000I\000i\000r\000:\000:\000C\000h\000e\000b\000y\000s\000h\000e\000v\000I\000I\000:\000:\000B\000a\000n\000d\000S\000h\000e\000l\000f\000B\000a\000s\000e\000\040\000S\000t\000r\000u\000c\000t\000\040\000R\000e\000f\000e\000r\000e\000n\000c\000e}{section.7}% 71
\BOOKMARK [2][-]{subsection.7.24}{\376\377\0007\000.\0002\0004\000\040\000I\000i\000r\000:\000:\000B\000u\000t\000t\000e\000r\000w\000o\000r\000t\000h\000:\000:\000B\000a\000n\000d\000S\000t\000o\000p\000<\000\040\000F\000i\000l\000t\000e\000r\000O\000r\000d\000e\000r\000,\000\040\000S\000t\000a\000t\000e\000T\000y\000p\000e\000\040\000>\000\040\000S\000t\000r\000u\000c\000t\000\040\000T\000e\000m\000p\000l\000a\000t\000e\000\040\000R\000e\000f\000e\000r\000e\000n\000c\000e}{section.7}% 72
\BOOKMARK [3][-]{subsubsection.7.24.1}{\376\377\0007\000.\0002\0004\000.\0001\000\040\000D\000e\000t\000a\000i\000l\000e\000d\000\040\000D\000e\000s\000c\000r\000i\000p\000t\000i\000o\000n}{subsection.7.24}% 73
\BOOKMARK [3][-]{subsubsection.7.24.2}{\376\377\0007\000.\0002\0004\000.\0002\000\040\000M\000e\000m\000b\000e\000r\000\040\000F\000u\000n\000c\000t\000i\000o\000n\000\040\000D\000o\000c\000u\000m\000e\000n\000t\000a\000t\000i\000o\000n}{subsection.7.24}% 74
\BOOKMARK [2][-]{subsection.7.25}{\376\377\0007\000.\0002\0005\000\040\000I\000i\000r\000:\000:\000C\000h\000e\000b\000y\000s\000h\000e\000v\000I\000:\000:\000B\000a\000n\000d\000S\000t\000o\000p\000<\000\040\000F\000i\000l\000t\000e\000r\000O\000r\000d\000e\000r\000,\000\040\000S\000t\000a\000t\000e\000T\000y\000p\000e\000\040\000>\000\040\000S\000t\000r\000u\000c\000t\000\040\000T\000e\000m\000p\000l\000a\000t\000e\000\040\000R\000e\000f\000e\000r\000e\000n\000c\000e}{section.7}% 75
\BOOKMARK [3][-]{subsubsection.7.25.1}{\376\377\0007\000.\0002\0005\000.\0001\000\040\000D\000e\000t\000a\000i\000l\000e\000d\000\040\000D\000e\000s\000c\000r\000i\000p\000t\000i\000o\000n}{subsection.7.25}% 76
\BOOKMARK [3][-]{subsubsection.7.25.2}{\376\377\0007\000.\0002\0005\000.\0002\000\040\000M\000e\000m\000b\000e\000r\000\040\000F\000u\000n\000c\000t\000i\000o\000n\000\040\000D\000o\000c\000u\000m\000e\000n\000t\000a\000t\000i\000o\000n}{subsection.7.25}% 77
\BOOKMARK [2][-]{subsection.7.26}{\376\377\0007\000.\0002\0006\000\040\000I\000i\000r\000:\000:\000C\000h\000e\000b\000y\000s\000h\000e\000v\000I\000I\000:\000:\000B\000a\000n\000d\000S\000t\000o\000p\000<\000\040\000F\000i\000l\000t\000e\000r\000O\000r\000d\000e\000r\000,\000\040\000S\000t\000a\000t\000e\000T\000y\000p\000e\000\040\000>\000\040\000S\000t\000r\000u\000c\000t\000\040\000T\000e\000m\000p\000l\000a\000t\000e\000\040\000R\000e\000f\000e\000r\000e\000n\000c\000e}{section.7}% 78
\BOOKMARK [3][-]{subsubsection.7.26.1}{\376\377\0007\000.\0002\0006\000.\0001\000\040\000D\000e\000t\000a\000i\000l\000e\000d\000\040\000D\000e\000s\000c\000r\000i\000p\000t\000i\000o\000n}{subsection.7.26}% 79
\BOOKMARK [3][-]{subsubsection.7.26.2}{\376\377\0007\000.\0002\0006\000.\0002\000\040\000M\000e\000m\000b\000e\000r\000\040\000F\000u\000n\000c\000t\000i\000o\000n\000\040\000D\000o\000c\000u\000m\000e\000n\000t\000a\000t\000i\000o\000n}{subsection.7.26}% 80
\BOOKMARK [2][-]{subsection.7.27}{\376\377\0007\000.\0002\0007\000\040\000I\000i\000r\000:\000:\000R\000B\000J\000:\000:\000B\000a\000n\000d\000S\000t\000o\000p\000\040\000S\000t\000r\000u\000c\000t\000\040\000R\000e\000f\000e\000r\000e\000n\000c\000e}{section.7}% 81
\BOOKMARK [3][-]{subsubsection.7.27.1}{\376\377\0007\000.\0002\0007\000.\0001\000\040\000D\000e\000t\000a\000i\000l\000e\000d\000\040\000D\000e\000s\000c\000r\000i\000p\000t\000i\000o\000n}{subsection.7.27}% 82
\BOOKMARK [3][-]{subsubsection.7.27.2}{\376\377\0007\000.\0002\0007\000.\0002\000\040\000M\000e\000m\000b\000e\000r\000\040\000F\000u\000n\000c\000t\000i\000o\000n\000\040\000D\000o\000c\000u\000m\000e\000n\000t\000a\000t\000i\000o\000n}{subsection.7.27}% 83
\BOOKMARK [2][-]{subsection.7.28}{\376\377\0007\000.\0002\0008\000\040\000I\000i\000r\000:\000:\000B\000u\000t\000t\000e\000r\000w\000o\000r\000t\000h\000:\000:\000B\000a\000n\000d\000S\000t\000o\000p\000B\000a\000s\000e\000\040\000S\000t\000r\000u\000c\000t\000\040\000R\000e\000f\000e\000r\000e\000n\000c\000e}{section.7}% 84
\BOOKMARK [2][-]{subsection.7.29}{\376\377\0007\000.\0002\0009\000\040\000I\000i\000r\000:\000:\000C\000h\000e\000b\000y\000s\000h\000e\000v\000I\000:\000:\000B\000a\000n\000d\000S\000t\000o\000p\000B\000a\000s\000e\000\040\000S\000t\000r\000u\000c\000t\000\040\000R\000e\000f\000e\000r\000e\000n\000c\000e}{section.7}% 85
\BOOKMARK [2][-]{subsection.7.30}{\376\377\0007\000.\0003\0000\000\040\000I\000i\000r\000:\000:\000C\000h\000e\000b\000y\000s\000h\000e\000v\000I\000I\000:\000:\000B\000a\000n\000d\000S\000t\000o\000p\000B\000a\000s\000e\000\040\000S\000t\000r\000u\000c\000t\000\040\000R\000e\000f\000e\000r\000e\000n\000c\000e}{section.7}% 86
\BOOKMARK [2][-]{subsection.7.31}{\376\377\0007\000.\0003\0001\000\040\000I\000i\000r\000:\000:\000B\000a\000n\000d\000S\000t\000o\000p\000T\000r\000a\000n\000s\000f\000o\000r\000m\000\040\000C\000l\000a\000s\000s\000\040\000R\000e\000f\000e\000r\000e\000n\000c\000e}{section.7}% 87
\BOOKMARK [3][-]{subsubsection.7.31.1}{\376\377\0007\000.\0003\0001\000.\0001\000\040\000D\000e\000t\000a\000i\000l\000e\000d\000\040\000D\000e\000s\000c\000r\000i\000p\000t\000i\000o\000n}{subsection.7.31}% 88
\BOOKMARK [2][-]{subsection.7.32}{\376\377\0007\000.\0003\0002\000\040\000I\000i\000r\000:\000:\000B\000i\000q\000u\000a\000d\000\040\000C\000l\000a\000s\000s\000\040\000R\000e\000f\000e\000r\000e\000n\000c\000e}{section.7}% 89
\BOOKMARK [3][-]{subsubsection.7.32.1}{\376\377\0007\000.\0003\0002\000.\0001\000\040\000M\000e\000m\000b\000e\000r\000\040\000F\000u\000n\000c\000t\000i\000o\000n\000\040\000D\000o\000c\000u\000m\000e\000n\000t\000a\000t\000i\000o\000n}{subsection.7.32}% 90
\BOOKMARK [2][-]{subsection.7.33}{\376\377\0007\000.\0003\0003\000\040\000I\000i\000r\000:\000:\000B\000i\000q\000u\000a\000d\000P\000o\000l\000e\000S\000t\000a\000t\000e\000\040\000S\000t\000r\000u\000c\000t\000\040\000R\000e\000f\000e\000r\000e\000n\000c\000e}{section.7}% 91
\BOOKMARK [3][-]{subsubsection.7.33.1}{\376\377\0007\000.\0003\0003\000.\0001\000\040\000D\000e\000t\000a\000i\000l\000e\000d\000\040\000D\000e\000s\000c\000r\000i\000p\000t\000i\000o\000n}{subsection.7.33}% 92
\BOOKMARK [2][-]{subsection.7.34}{\376\377\0007\000.\0003\0004\000\040\000I\000i\000r\000:\000:\000C\000a\000s\000c\000a\000d\000e\000\040\000C\000l\000a\000s\000s\000\040\000R\000e\000f\000e\000r\000e\000n\000c\000e}{section.7}% 93
\BOOKMARK [3][-]{subsubsection.7.34.1}{\376\377\0007\000.\0003\0004\000.\0001\000\040\000D\000e\000t\000a\000i\000l\000e\000d\000\040\000D\000e\000s\000c\000r\000i\000p\000t\000i\000o\000n}{subsection.7.34}% 94
\BOOKMARK [3][-]{subsubsection.7.34.2}{\376\377\0007\000.\0003\0004\000.\0002\000\040\000M\000e\000m\000b\000e\000r\000\040\000F\000u\000n\000c\000t\000i\000o\000n\000\040\000D\000o\000c\000u\000m\000e\000n\000t\000a\000t\000i\000o\000n}{subsection.7.34}% 95
\BOOKMARK [2][-]{subsection.7.35}{\376\377\0007\000.\0003\0005\000\040\000I\000i\000r\000:\000:\000C\000a\000s\000c\000a\000d\000e\000S\000t\000a\000g\000e\000s\000<\000\040\000M\000a\000x\000S\000t\000a\000g\000e\000s\000,\000\040\000S\000t\000a\000t\000e\000T\000y\000p\000e\000\040\000>\000\040\000C\000l\000a\000s\000s\000\040\000T\000e\000m\000p\000l\000a\000t\000e\000\040\000R\000e\000f\000e\000r\000e\000n\000c\000e}{section.7}% 96
\BOOKMARK [3][-]{subsubsection.7.35.1}{\376\377\0007\000.\0003\0005\000.\0001\000\040\000D\000e\000t\000a\000i\000l\000e\000d\000\040\000D\000e\000s\000c\000r\000i\000p\000t\000i\000o\000n}{subsection.7.35}% 97
\BOOKMARK [3][-]{subsubsection.7.35.2}{\376\377\0007\000.\0003\0005\000.\0002\000\040\000M\000e\000m\000b\000e\000r\000\040\000F\000u\000n\000c\000t\000i\000o\000n\000\040\000D\000o\000c\000u\000m\000e\000n\000t\000a\000t\000i\000o\000n}{subsection.7.35}% 98
\BOOKMARK [2][-]{subsection.7.36}{\376\377\0007\000.\0003\0006\000\040\000I\000i\000r\000:\000:\000C\000o\000m\000p\000l\000e\000x\000P\000a\000i\000r\000\040\000S\000t\000r\000u\000c\000t\000\040\000R\000e\000f\000e\000r\000e\000n\000c\000e}{section.7}% 99
\BOOKMARK [3][-]{subsubsection.7.36.1}{\376\377\0007\000.\0003\0006\000.\0001\000\040\000D\000e\000t\000a\000i\000l\000e\000d\000\040\000D\000e\000s\000c\000r\000i\000p\000t\000i\000o\000n}{subsection.7.36}% 100
\BOOKMARK [3][-]{subsubsection.7.36.2}{\376\377\0007\000.\0003\0006\000.\0002\000\040\000M\000e\000m\000b\000e\000r\000\040\000F\000u\000n\000c\000t\000i\000o\000n\000\040\000D\000o\000c\000u\000m\000e\000n\000t\000a\000t\000i\000o\000n}{subsection.7.36}% 101
\BOOKMARK [2][-]{subsection.7.37}{\376\377\0007\000.\0003\0007\000\040\000I\000i\000r\000:\000:\000D\000i\000r\000e\000c\000t\000F\000o\000r\000m\000I\000\040\000C\000l\000a\000s\000s\000\040\000R\000e\000f\000e\000r\000e\000n\000c\000e}{section.7}% 102
\BOOKMARK [3][-]{subsubsection.7.37.1}{\376\377\0007\000.\0003\0007\000.\0001\000\040\000D\000e\000t\000a\000i\000l\000e\000d\000\040\000D\000e\000s\000c\000r\000i\000p\000t\000i\000o\000n}{subsection.7.37}% 103
\BOOKMARK [2][-]{subsection.7.38}{\376\377\0007\000.\0003\0008\000\040\000I\000i\000r\000:\000:\000D\000i\000r\000e\000c\000t\000F\000o\000r\000m\000I\000I\000\040\000C\000l\000a\000s\000s\000\040\000R\000e\000f\000e\000r\000e\000n\000c\000e}{section.7}% 104
\BOOKMARK [3][-]{subsubsection.7.38.1}{\376\377\0007\000.\0003\0008\000.\0001\000\040\000D\000e\000t\000a\000i\000l\000e\000d\000\040\000D\000e\000s\000c\000r\000i\000p\000t\000i\000o\000n}{subsection.7.38}% 105
\BOOKMARK [2][-]{subsection.7.39}{\376\377\0007\000.\0003\0009\000\040\000I\000i\000r\000:\000:\000B\000u\000t\000t\000e\000r\000w\000o\000r\000t\000h\000:\000:\000H\000i\000g\000h\000P\000a\000s\000s\000<\000\040\000F\000i\000l\000t\000e\000r\000O\000r\000d\000e\000r\000,\000\040\000S\000t\000a\000t\000e\000T\000y\000p\000e\000\040\000>\000\040\000S\000t\000r\000u\000c\000t\000\040\000T\000e\000m\000p\000l\000a\000t\000e\000\040\000R\000e\000f\000e\000r\000e\000n\000c\000e}{section.7}% 106
\BOOKMARK [3][-]{subsubsection.7.39.1}{\376\377\0007\000.\0003\0009\000.\0001\000\040\000D\000e\000t\000a\000i\000l\000e\000d\000\040\000D\000e\000s\000c\000r\000i\000p\000t\000i\000o\000n}{subsection.7.39}% 107
\BOOKMARK [3][-]{subsubsection.7.39.2}{\376\377\0007\000.\0003\0009\000.\0002\000\040\000M\000e\000m\000b\000e\000r\000\040\000F\000u\000n\000c\000t\000i\000o\000n\000\040\000D\000o\000c\000u\000m\000e\000n\000t\000a\000t\000i\000o\000n}{subsection.7.39}% 108
\BOOKMARK [2][-]{subsection.7.40}{\376\377\0007\000.\0004\0000\000\040\000I\000i\000r\000:\000:\000C\000h\000e\000b\000y\000s\000h\000e\000v\000I\000:\000:\000H\000i\000g\000h\000P\000a\000s\000s\000<\000\040\000F\000i\000l\000t\000e\000r\000O\000r\000d\000e\000r\000,\000\040\000S\000t\000a\000t\000e\000T\000y\000p\000e\000\040\000>\000\040\000S\000t\000r\000u\000c\000t\000\040\000T\000e\000m\000p\000l\000a\000t\000e\000\040\000R\000e\000f\000e\000r\000e\000n\000c\000e}{section.7}% 109
\BOOKMARK [3][-]{subsubsection.7.40.1}{\376\377\0007\000.\0004\0000\000.\0001\000\040\000D\000e\000t\000a\000i\000l\000e\000d\000\040\000D\000e\000s\000c\000r\000i\000p\000t\000i\000o\000n}{subsection.7.40}% 110
\BOOKMARK [3][-]{subsubsection.7.40.2}{\376\377\0007\000.\0004\0000\000.\0002\000\040\000M\000e\000m\000b\000e\000r\000\040\000F\000u\000n\000c\000t\000i\000o\000n\000\040\000D\000o\000c\000u\000m\000e\000n\000t\000a\000t\000i\000o\000n}{subsection.7.40}% 111
\BOOKMARK [2][-]{subsection.7.41}{\376\377\0007\000.\0004\0001\000\040\000I\000i\000r\000:\000:\000C\000h\000e\000b\000y\000s\000h\000e\000v\000I\000I\000:\000:\000H\000i\000g\000h\000P\000a\000s\000s\000<\000\040\000F\000i\000l\000t\000e\000r\000O\000r\000d\000e\000r\000,\000\040\000S\000t\000a\000t\000e\000T\000y\000p\000e\000\040\000>\000\040\000S\000t\000r\000u\000c\000t\000\040\000T\000e\000m\000p\000l\000a\000t\000e\000\040\000R\000e\000f\000e\000r\000e\000n\000c\000e}{section.7}% 112
\BOOKMARK [3][-]{subsubsection.7.41.1}{\376\377\0007\000.\0004\0001\000.\0001\000\040\000D\000e\000t\000a\000i\000l\000e\000d\000\040\000D\000e\000s\000c\000r\000i\000p\000t\000i\000o\000n}{subsection.7.41}% 113
\BOOKMARK [3][-]{subsubsection.7.41.2}{\376\377\0007\000.\0004\0001\000.\0002\000\040\000M\000e\000m\000b\000e\000r\000\040\000F\000u\000n\000c\000t\000i\000o\000n\000\040\000D\000o\000c\000u\000m\000e\000n\000t\000a\000t\000i\000o\000n}{subsection.7.41}% 114
\BOOKMARK [2][-]{subsection.7.42}{\376\377\0007\000.\0004\0002\000\040\000I\000i\000r\000:\000:\000R\000B\000J\000:\000:\000H\000i\000g\000h\000P\000a\000s\000s\000\040\000S\000t\000r\000u\000c\000t\000\040\000R\000e\000f\000e\000r\000e\000n\000c\000e}{section.7}% 115
\BOOKMARK [3][-]{subsubsection.7.42.1}{\376\377\0007\000.\0004\0002\000.\0001\000\040\000D\000e\000t\000a\000i\000l\000e\000d\000\040\000D\000e\000s\000c\000r\000i\000p\000t\000i\000o\000n}{subsection.7.42}% 116
\BOOKMARK [3][-]{subsubsection.7.42.2}{\376\377\0007\000.\0004\0002\000.\0002\000\040\000M\000e\000m\000b\000e\000r\000\040\000F\000u\000n\000c\000t\000i\000o\000n\000\040\000D\000o\000c\000u\000m\000e\000n\000t\000a\000t\000i\000o\000n}{subsection.7.42}% 117
\BOOKMARK [2][-]{subsection.7.43}{\376\377\0007\000.\0004\0003\000\040\000I\000i\000r\000:\000:\000B\000u\000t\000t\000e\000r\000w\000o\000r\000t\000h\000:\000:\000H\000i\000g\000h\000P\000a\000s\000s\000B\000a\000s\000e\000\040\000S\000t\000r\000u\000c\000t\000\040\000R\000e\000f\000e\000r\000e\000n\000c\000e}{section.7}% 118
\BOOKMARK [2][-]{subsection.7.44}{\376\377\0007\000.\0004\0004\000\040\000I\000i\000r\000:\000:\000C\000h\000e\000b\000y\000s\000h\000e\000v\000I\000:\000:\000H\000i\000g\000h\000P\000a\000s\000s\000B\000a\000s\000e\000\040\000S\000t\000r\000u\000c\000t\000\040\000R\000e\000f\000e\000r\000e\000n\000c\000e}{section.7}% 119
\BOOKMARK [2][-]{subsection.7.45}{\376\377\0007\000.\0004\0005\000\040\000I\000i\000r\000:\000:\000C\000h\000e\000b\000y\000s\000h\000e\000v\000I\000I\000:\000:\000H\000i\000g\000h\000P\000a\000s\000s\000B\000a\000s\000e\000\040\000S\000t\000r\000u\000c\000t\000\040\000R\000e\000f\000e\000r\000e\000n\000c\000e}{section.7}% 120
\BOOKMARK [2][-]{subsection.7.46}{\376\377\0007\000.\0004\0006\000\040\000I\000i\000r\000:\000:\000H\000i\000g\000h\000P\000a\000s\000s\000T\000r\000a\000n\000s\000f\000o\000r\000m\000\040\000C\000l\000a\000s\000s\000\040\000R\000e\000f\000e\000r\000e\000n\000c\000e}{section.7}% 121
\BOOKMARK [3][-]{subsubsection.7.46.1}{\376\377\0007\000.\0004\0006\000.\0001\000\040\000D\000e\000t\000a\000i\000l\000e\000d\000\040\000D\000e\000s\000c\000r\000i\000p\000t\000i\000o\000n}{subsection.7.46}% 122
\BOOKMARK [2][-]{subsection.7.47}{\376\377\0007\000.\0004\0007\000\040\000I\000i\000r\000:\000:\000B\000u\000t\000t\000e\000r\000w\000o\000r\000t\000h\000:\000:\000H\000i\000g\000h\000S\000h\000e\000l\000f\000<\000\040\000F\000i\000l\000t\000e\000r\000O\000r\000d\000e\000r\000,\000\040\000S\000t\000a\000t\000e\000T\000y\000p\000e\000\040\000>\000\040\000S\000t\000r\000u\000c\000t\000\040\000T\000e\000m\000p\000l\000a\000t\000e\000\040\000R\000e\000f\000e\000r\000e\000n\000c\000e}{section.7}% 123
\BOOKMARK [3][-]{subsubsection.7.47.1}{\376\377\0007\000.\0004\0007\000.\0001\000\040\000D\000e\000t\000a\000i\000l\000e\000d\000\040\000D\000e\000s\000c\000r\000i\000p\000t\000i\000o\000n}{subsection.7.47}% 124
\BOOKMARK [3][-]{subsubsection.7.47.2}{\376\377\0007\000.\0004\0007\000.\0002\000\040\000M\000e\000m\000b\000e\000r\000\040\000F\000u\000n\000c\000t\000i\000o\000n\000\040\000D\000o\000c\000u\000m\000e\000n\000t\000a\000t\000i\000o\000n}{subsection.7.47}% 125
\BOOKMARK [2][-]{subsection.7.48}{\376\377\0007\000.\0004\0008\000\040\000I\000i\000r\000:\000:\000C\000h\000e\000b\000y\000s\000h\000e\000v\000I\000:\000:\000H\000i\000g\000h\000S\000h\000e\000l\000f\000<\000\040\000F\000i\000l\000t\000e\000r\000O\000r\000d\000e\000r\000,\000\040\000S\000t\000a\000t\000e\000T\000y\000p\000e\000\040\000>\000\040\000S\000t\000r\000u\000c\000t\000\040\000T\000e\000m\000p\000l\000a\000t\000e\000\040\000R\000e\000f\000e\000r\000e\000n\000c\000e}{section.7}% 126
\BOOKMARK [3][-]{subsubsection.7.48.1}{\376\377\0007\000.\0004\0008\000.\0001\000\040\000D\000e\000t\000a\000i\000l\000e\000d\000\040\000D\000e\000s\000c\000r\000i\000p\000t\000i\000o\000n}{subsection.7.48}% 127
\BOOKMARK [3][-]{subsubsection.7.48.2}{\376\377\0007\000.\0004\0008\000.\0002\000\040\000M\000e\000m\000b\000e\000r\000\040\000F\000u\000n\000c\000t\000i\000o\000n\000\040\000D\000o\000c\000u\000m\000e\000n\000t\000a\000t\000i\000o\000n}{subsection.7.48}% 128
\BOOKMARK [2][-]{subsection.7.49}{\376\377\0007\000.\0004\0009\000\040\000I\000i\000r\000:\000:\000C\000h\000e\000b\000y\000s\000h\000e\000v\000I\000I\000:\000:\000H\000i\000g\000h\000S\000h\000e\000l\000f\000<\000\040\000F\000i\000l\000t\000e\000r\000O\000r\000d\000e\000r\000,\000\040\000S\000t\000a\000t\000e\000T\000y\000p\000e\000\040\000>\000\040\000S\000t\000r\000u\000c\000t\000\040\000T\000e\000m\000p\000l\000a\000t\000e\000\040\000R\000e\000f\000e\000r\000e\000n\000c\000e}{section.7}% 129
\BOOKMARK [3][-]{subsubsection.7.49.1}{\376\377\0007\000.\0004\0009\000.\0001\000\040\000D\000e\000t\000a\000i\000l\000e\000d\000\040\000D\000e\000s\000c\000r\000i\000p\000t\000i\000o\000n}{subsection.7.49}% 130
\BOOKMARK [3][-]{subsubsection.7.49.2}{\376\377\0007\000.\0004\0009\000.\0002\000\040\000M\000e\000m\000b\000e\000r\000\040\000F\000u\000n\000c\000t\000i\000o\000n\000\040\000D\000o\000c\000u\000m\000e\000n\000t\000a\000t\000i\000o\000n}{subsection.7.49}% 131
\BOOKMARK [2][-]{subsection.7.50}{\376\377\0007\000.\0005\0000\000\040\000I\000i\000r\000:\000:\000R\000B\000J\000:\000:\000H\000i\000g\000h\000S\000h\000e\000l\000f\000\040\000S\000t\000r\000u\000c\000t\000\040\000R\000e\000f\000e\000r\000e\000n\000c\000e}{section.7}% 132
\BOOKMARK [3][-]{subsubsection.7.50.1}{\376\377\0007\000.\0005\0000\000.\0001\000\040\000D\000e\000t\000a\000i\000l\000e\000d\000\040\000D\000e\000s\000c\000r\000i\000p\000t\000i\000o\000n}{subsection.7.50}% 133
\BOOKMARK [3][-]{subsubsection.7.50.2}{\376\377\0007\000.\0005\0000\000.\0002\000\040\000M\000e\000m\000b\000e\000r\000\040\000F\000u\000n\000c\000t\000i\000o\000n\000\040\000D\000o\000c\000u\000m\000e\000n\000t\000a\000t\000i\000o\000n}{subsection.7.50}% 134
\BOOKMARK [2][-]{subsection.7.51}{\376\377\0007\000.\0005\0001\000\040\000I\000i\000r\000:\000:\000B\000u\000t\000t\000e\000r\000w\000o\000r\000t\000h\000:\000:\000H\000i\000g\000h\000S\000h\000e\000l\000f\000B\000a\000s\000e\000\040\000S\000t\000r\000u\000c\000t\000\040\000R\000e\000f\000e\000r\000e\000n\000c\000e}{section.7}% 135
\BOOKMARK [2][-]{subsection.7.52}{\376\377\0007\000.\0005\0002\000\040\000I\000i\000r\000:\000:\000C\000h\000e\000b\000y\000s\000h\000e\000v\000I\000:\000:\000H\000i\000g\000h\000S\000h\000e\000l\000f\000B\000a\000s\000e\000\040\000S\000t\000r\000u\000c\000t\000\040\000R\000e\000f\000e\000r\000e\000n\000c\000e}{section.7}% 136
\BOOKMARK [2][-]{subsection.7.53}{\376\377\0007\000.\0005\0003\000\040\000I\000i\000r\000:\000:\000C\000h\000e\000b\000y\000s\000h\000e\000v\000I\000I\000:\000:\000H\000i\000g\000h\000S\000h\000e\000l\000f\000B\000a\000s\000e\000\040\000S\000t\000r\000u\000c\000t\000\040\000R\000e\000f\000e\000r\000e\000n\000c\000e}{section.7}% 137
\BOOKMARK [2][-]{subsection.7.54}{\376\377\0007\000.\0005\0004\000\040\000I\000i\000r\000:\000:\000R\000B\000J\000:\000:\000I\000I\000R\000N\000o\000t\000c\000h\000\040\000S\000t\000r\000u\000c\000t\000\040\000R\000e\000f\000e\000r\000e\000n\000c\000e}{section.7}% 138
\BOOKMARK [3][-]{subsubsection.7.54.1}{\376\377\0007\000.\0005\0004\000.\0001\000\040\000D\000e\000t\000a\000i\000l\000e\000d\000\040\000D\000e\000s\000c\000r\000i\000p\000t\000i\000o\000n}{subsection.7.54}% 139
\BOOKMARK [3][-]{subsubsection.7.54.2}{\376\377\0007\000.\0005\0004\000.\0002\000\040\000M\000e\000m\000b\000e\000r\000\040\000F\000u\000n\000c\000t\000i\000o\000n\000\040\000D\000o\000c\000u\000m\000e\000n\000t\000a\000t\000i\000o\000n}{subsection.7.54}% 140
\BOOKMARK [2][-]{subsection.7.55}{\376\377\0007\000.\0005\0005\000\040\000I\000i\000r\000:\000:\000L\000a\000y\000o\000u\000t\000<\000\040\000M\000a\000x\000P\000o\000l\000e\000s\000\040\000>\000\040\000C\000l\000a\000s\000s\000\040\000T\000e\000m\000p\000l\000a\000t\000e\000\040\000R\000e\000f\000e\000r\000e\000n\000c\000e}{section.7}% 141
\BOOKMARK [3][-]{subsubsection.7.55.1}{\376\377\0007\000.\0005\0005\000.\0001\000\040\000D\000e\000t\000a\000i\000l\000e\000d\000\040\000D\000e\000s\000c\000r\000i\000p\000t\000i\000o\000n}{subsection.7.55}% 142
\BOOKMARK [2][-]{subsection.7.56}{\376\377\0007\000.\0005\0006\000\040\000I\000i\000r\000:\000:\000L\000a\000y\000o\000u\000t\000B\000a\000s\000e\000\040\000C\000l\000a\000s\000s\000\040\000R\000e\000f\000e\000r\000e\000n\000c\000e}{section.7}% 143
\BOOKMARK [3][-]{subsubsection.7.56.1}{\376\377\0007\000.\0005\0006\000.\0001\000\040\000D\000e\000t\000a\000i\000l\000e\000d\000\040\000D\000e\000s\000c\000r\000i\000p\000t\000i\000o\000n}{subsection.7.56}% 144
\BOOKMARK [2][-]{subsection.7.57}{\376\377\0007\000.\0005\0007\000\040\000I\000i\000r\000:\000:\000B\000u\000t\000t\000e\000r\000w\000o\000r\000t\000h\000:\000:\000L\000o\000w\000P\000a\000s\000s\000<\000\040\000F\000i\000l\000t\000e\000r\000O\000r\000d\000e\000r\000,\000\040\000S\000t\000a\000t\000e\000T\000y\000p\000e\000\040\000>\000\040\000S\000t\000r\000u\000c\000t\000\040\000T\000e\000m\000p\000l\000a\000t\000e\000\040\000R\000e\000f\000e\000r\000e\000n\000c\000e}{section.7}% 145
\BOOKMARK [3][-]{subsubsection.7.57.1}{\376\377\0007\000.\0005\0007\000.\0001\000\040\000D\000e\000t\000a\000i\000l\000e\000d\000\040\000D\000e\000s\000c\000r\000i\000p\000t\000i\000o\000n}{subsection.7.57}% 146
\BOOKMARK [3][-]{subsubsection.7.57.2}{\376\377\0007\000.\0005\0007\000.\0002\000\040\000M\000e\000m\000b\000e\000r\000\040\000F\000u\000n\000c\000t\000i\000o\000n\000\040\000D\000o\000c\000u\000m\000e\000n\000t\000a\000t\000i\000o\000n}{subsection.7.57}% 147
\BOOKMARK [2][-]{subsection.7.58}{\376\377\0007\000.\0005\0008\000\040\000I\000i\000r\000:\000:\000C\000h\000e\000b\000y\000s\000h\000e\000v\000I\000:\000:\000L\000o\000w\000P\000a\000s\000s\000<\000\040\000F\000i\000l\000t\000e\000r\000O\000r\000d\000e\000r\000,\000\040\000S\000t\000a\000t\000e\000T\000y\000p\000e\000\040\000>\000\040\000S\000t\000r\000u\000c\000t\000\040\000T\000e\000m\000p\000l\000a\000t\000e\000\040\000R\000e\000f\000e\000r\000e\000n\000c\000e}{section.7}% 148
\BOOKMARK [3][-]{subsubsection.7.58.1}{\376\377\0007\000.\0005\0008\000.\0001\000\040\000D\000e\000t\000a\000i\000l\000e\000d\000\040\000D\000e\000s\000c\000r\000i\000p\000t\000i\000o\000n}{subsection.7.58}% 149
\BOOKMARK [3][-]{subsubsection.7.58.2}{\376\377\0007\000.\0005\0008\000.\0002\000\040\000M\000e\000m\000b\000e\000r\000\040\000F\000u\000n\000c\000t\000i\000o\000n\000\040\000D\000o\000c\000u\000m\000e\000n\000t\000a\000t\000i\000o\000n}{subsection.7.58}% 150
\BOOKMARK [2][-]{subsection.7.59}{\376\377\0007\000.\0005\0009\000\040\000I\000i\000r\000:\000:\000C\000h\000e\000b\000y\000s\000h\000e\000v\000I\000I\000:\000:\000L\000o\000w\000P\000a\000s\000s\000<\000\040\000F\000i\000l\000t\000e\000r\000O\000r\000d\000e\000r\000,\000\040\000S\000t\000a\000t\000e\000T\000y\000p\000e\000\040\000>\000\040\000S\000t\000r\000u\000c\000t\000\040\000T\000e\000m\000p\000l\000a\000t\000e\000\040\000R\000e\000f\000e\000r\000e\000n\000c\000e}{section.7}% 151
\BOOKMARK [3][-]{subsubsection.7.59.1}{\376\377\0007\000.\0005\0009\000.\0001\000\040\000D\000e\000t\000a\000i\000l\000e\000d\000\040\000D\000e\000s\000c\000r\000i\000p\000t\000i\000o\000n}{subsection.7.59}% 152
\BOOKMARK [3][-]{subsubsection.7.59.2}{\376\377\0007\000.\0005\0009\000.\0002\000\040\000M\000e\000m\000b\000e\000r\000\040\000F\000u\000n\000c\000t\000i\000o\000n\000\040\000D\000o\000c\000u\000m\000e\000n\000t\000a\000t\000i\000o\000n}{subsection.7.59}% 153
\BOOKMARK [2][-]{subsection.7.60}{\376\377\0007\000.\0006\0000\000\040\000I\000i\000r\000:\000:\000R\000B\000J\000:\000:\000L\000o\000w\000P\000a\000s\000s\000\040\000S\000t\000r\000u\000c\000t\000\040\000R\000e\000f\000e\000r\000e\000n\000c\000e}{section.7}% 154
\BOOKMARK [3][-]{subsubsection.7.60.1}{\376\377\0007\000.\0006\0000\000.\0001\000\040\000D\000e\000t\000a\000i\000l\000e\000d\000\040\000D\000e\000s\000c\000r\000i\000p\000t\000i\000o\000n}{subsection.7.60}% 155
\BOOKMARK [3][-]{subsubsection.7.60.2}{\376\377\0007\000.\0006\0000\000.\0002\000\040\000M\000e\000m\000b\000e\000r\000\040\000F\000u\000n\000c\000t\000i\000o\000n\000\040\000D\000o\000c\000u\000m\000e\000n\000t\000a\000t\000i\000o\000n}{subsection.7.60}% 156
\BOOKMARK [2][-]{subsection.7.61}{\376\377\0007\000.\0006\0001\000\040\000I\000i\000r\000:\000:\000B\000u\000t\000t\000e\000r\000w\000o\000r\000t\000h\000:\000:\000L\000o\000w\000P\000a\000s\000s\000B\000a\000s\000e\000\040\000S\000t\000r\000u\000c\000t\000\040\000R\000e\000f\000e\000r\000e\000n\000c\000e}{section.7}% 157
\BOOKMARK [2][-]{subsection.7.62}{\376\377\0007\000.\0006\0002\000\040\000I\000i\000r\000:\000:\000C\000h\000e\000b\000y\000s\000h\000e\000v\000I\000:\000:\000L\000o\000w\000P\000a\000s\000s\000B\000a\000s\000e\000\040\000S\000t\000r\000u\000c\000t\000\040\000R\000e\000f\000e\000r\000e\000n\000c\000e}{section.7}% 158
\BOOKMARK [2][-]{subsection.7.63}{\376\377\0007\000.\0006\0003\000\040\000I\000i\000r\000:\000:\000C\000h\000e\000b\000y\000s\000h\000e\000v\000I\000I\000:\000:\000L\000o\000w\000P\000a\000s\000s\000B\000a\000s\000e\000\040\000S\000t\000r\000u\000c\000t\000\040\000R\000e\000f\000e\000r\000e\000n\000c\000e}{section.7}% 159
\BOOKMARK [2][-]{subsection.7.64}{\376\377\0007\000.\0006\0004\000\040\000I\000i\000r\000:\000:\000L\000o\000w\000P\000a\000s\000s\000T\000r\000a\000n\000s\000f\000o\000r\000m\000\040\000C\000l\000a\000s\000s\000\040\000R\000e\000f\000e\000r\000e\000n\000c\000e}{section.7}% 160
\BOOKMARK [3][-]{subsubsection.7.64.1}{\376\377\0007\000.\0006\0004\000.\0001\000\040\000D\000e\000t\000a\000i\000l\000e\000d\000\040\000D\000e\000s\000c\000r\000i\000p\000t\000i\000o\000n}{subsection.7.64}% 161
\BOOKMARK [2][-]{subsection.7.65}{\376\377\0007\000.\0006\0005\000\040\000I\000i\000r\000:\000:\000B\000u\000t\000t\000e\000r\000w\000o\000r\000t\000h\000:\000:\000L\000o\000w\000S\000h\000e\000l\000f\000<\000\040\000F\000i\000l\000t\000e\000r\000O\000r\000d\000e\000r\000,\000\040\000S\000t\000a\000t\000e\000T\000y\000p\000e\000\040\000>\000\040\000S\000t\000r\000u\000c\000t\000\040\000T\000e\000m\000p\000l\000a\000t\000e\000\040\000R\000e\000f\000e\000r\000e\000n\000c\000e}{section.7}% 162
\BOOKMARK [3][-]{subsubsection.7.65.1}{\376\377\0007\000.\0006\0005\000.\0001\000\040\000D\000e\000t\000a\000i\000l\000e\000d\000\040\000D\000e\000s\000c\000r\000i\000p\000t\000i\000o\000n}{subsection.7.65}% 163
\BOOKMARK [3][-]{subsubsection.7.65.2}{\376\377\0007\000.\0006\0005\000.\0002\000\040\000M\000e\000m\000b\000e\000r\000\040\000F\000u\000n\000c\000t\000i\000o\000n\000\040\000D\000o\000c\000u\000m\000e\000n\000t\000a\000t\000i\000o\000n}{subsection.7.65}% 164
\BOOKMARK [2][-]{subsection.7.66}{\376\377\0007\000.\0006\0006\000\040\000I\000i\000r\000:\000:\000C\000h\000e\000b\000y\000s\000h\000e\000v\000I\000:\000:\000L\000o\000w\000S\000h\000e\000l\000f\000<\000\040\000F\000i\000l\000t\000e\000r\000O\000r\000d\000e\000r\000,\000\040\000S\000t\000a\000t\000e\000T\000y\000p\000e\000\040\000>\000\040\000S\000t\000r\000u\000c\000t\000\040\000T\000e\000m\000p\000l\000a\000t\000e\000\040\000R\000e\000f\000e\000r\000e\000n\000c\000e}{section.7}% 165
\BOOKMARK [3][-]{subsubsection.7.66.1}{\376\377\0007\000.\0006\0006\000.\0001\000\040\000D\000e\000t\000a\000i\000l\000e\000d\000\040\000D\000e\000s\000c\000r\000i\000p\000t\000i\000o\000n}{subsection.7.66}% 166
\BOOKMARK [3][-]{subsubsection.7.66.2}{\376\377\0007\000.\0006\0006\000.\0002\000\040\000M\000e\000m\000b\000e\000r\000\040\000F\000u\000n\000c\000t\000i\000o\000n\000\040\000D\000o\000c\000u\000m\000e\000n\000t\000a\000t\000i\000o\000n}{subsection.7.66}% 167
\BOOKMARK [2][-]{subsection.7.67}{\376\377\0007\000.\0006\0007\000\040\000I\000i\000r\000:\000:\000C\000h\000e\000b\000y\000s\000h\000e\000v\000I\000I\000:\000:\000L\000o\000w\000S\000h\000e\000l\000f\000<\000\040\000F\000i\000l\000t\000e\000r\000O\000r\000d\000e\000r\000,\000\040\000S\000t\000a\000t\000e\000T\000y\000p\000e\000\040\000>\000\040\000S\000t\000r\000u\000c\000t\000\040\000T\000e\000m\000p\000l\000a\000t\000e\000\040\000R\000e\000f\000e\000r\000e\000n\000c\000e}{section.7}% 168
\BOOKMARK [3][-]{subsubsection.7.67.1}{\376\377\0007\000.\0006\0007\000.\0001\000\040\000D\000e\000t\000a\000i\000l\000e\000d\000\040\000D\000e\000s\000c\000r\000i\000p\000t\000i\000o\000n}{subsection.7.67}% 169
\BOOKMARK [3][-]{subsubsection.7.67.2}{\376\377\0007\000.\0006\0007\000.\0002\000\040\000M\000e\000m\000b\000e\000r\000\040\000F\000u\000n\000c\000t\000i\000o\000n\000\040\000D\000o\000c\000u\000m\000e\000n\000t\000a\000t\000i\000o\000n}{subsection.7.67}% 170
\BOOKMARK [2][-]{subsection.7.68}{\376\377\0007\000.\0006\0008\000\040\000I\000i\000r\000:\000:\000R\000B\000J\000:\000:\000L\000o\000w\000S\000h\000e\000l\000f\000\040\000S\000t\000r\000u\000c\000t\000\040\000R\000e\000f\000e\000r\000e\000n\000c\000e}{section.7}% 171
\BOOKMARK [3][-]{subsubsection.7.68.1}{\376\377\0007\000.\0006\0008\000.\0001\000\040\000D\000e\000t\000a\000i\000l\000e\000d\000\040\000D\000e\000s\000c\000r\000i\000p\000t\000i\000o\000n}{subsection.7.68}% 172
\BOOKMARK [3][-]{subsubsection.7.68.2}{\376\377\0007\000.\0006\0008\000.\0002\000\040\000M\000e\000m\000b\000e\000r\000\040\000F\000u\000n\000c\000t\000i\000o\000n\000\040\000D\000o\000c\000u\000m\000e\000n\000t\000a\000t\000i\000o\000n}{subsection.7.68}% 173
\BOOKMARK [2][-]{subsection.7.69}{\376\377\0007\000.\0006\0009\000\040\000I\000i\000r\000:\000:\000B\000u\000t\000t\000e\000r\000w\000o\000r\000t\000h\000:\000:\000L\000o\000w\000S\000h\000e\000l\000f\000B\000a\000s\000e\000\040\000S\000t\000r\000u\000c\000t\000\040\000R\000e\000f\000e\000r\000e\000n\000c\000e}{section.7}% 174
\BOOKMARK [2][-]{subsection.7.70}{\376\377\0007\000.\0007\0000\000\040\000I\000i\000r\000:\000:\000C\000h\000e\000b\000y\000s\000h\000e\000v\000I\000:\000:\000L\000o\000w\000S\000h\000e\000l\000f\000B\000a\000s\000e\000\040\000S\000t\000r\000u\000c\000t\000\040\000R\000e\000f\000e\000r\000e\000n\000c\000e}{section.7}% 175
\BOOKMARK [2][-]{subsection.7.71}{\376\377\0007\000.\0007\0001\000\040\000I\000i\000r\000:\000:\000C\000h\000e\000b\000y\000s\000h\000e\000v\000I\000I\000:\000:\000L\000o\000w\000S\000h\000e\000l\000f\000B\000a\000s\000e\000\040\000S\000t\000r\000u\000c\000t\000\040\000R\000e\000f\000e\000r\000e\000n\000c\000e}{section.7}% 176
\BOOKMARK [2][-]{subsection.7.72}{\376\377\0007\000.\0007\0002\000\040\000I\000i\000r\000:\000:\000C\000u\000s\000t\000o\000m\000:\000:\000O\000n\000e\000P\000o\000l\000e\000\040\000S\000t\000r\000u\000c\000t\000\040\000R\000e\000f\000e\000r\000e\000n\000c\000e}{section.7}% 177
\BOOKMARK [3][-]{subsubsection.7.72.1}{\376\377\0007\000.\0007\0002\000.\0001\000\040\000D\000e\000t\000a\000i\000l\000e\000d\000\040\000D\000e\000s\000c\000r\000i\000p\000t\000i\000o\000n}{subsection.7.72}% 178
\BOOKMARK [2][-]{subsection.7.73}{\376\377\0007\000.\0007\0003\000\040\000I\000i\000r\000:\000:\000P\000o\000l\000e\000F\000i\000l\000t\000e\000r\000<\000\040\000B\000a\000s\000e\000C\000l\000a\000s\000s\000,\000\040\000S\000t\000a\000t\000e\000T\000y\000p\000e\000,\000\040\000M\000a\000x\000A\000n\000a\000l\000o\000g\000P\000o\000l\000e\000s\000,\000\040\000M\000a\000x\000D\000i\000g\000i\000t\000a\000l\000P\000o\000l\000e\000s\000\040\000>\000\040\000S\000t\000r\000u\000c\000t\000\040\000T\000e\000m\000p\000l\000a\000t\000e\000\040\000R\000e\000f\000e\000r\000e\000n\000c\000e}{section.7}% 179
\BOOKMARK [3][-]{subsubsection.7.73.1}{\376\377\0007\000.\0007\0003\000.\0001\000\040\000D\000e\000t\000a\000i\000l\000e\000d\000\040\000D\000e\000s\000c\000r\000i\000p\000t\000i\000o\000n}{subsection.7.73}% 180
\BOOKMARK [2][-]{subsection.7.74}{\376\377\0007\000.\0007\0004\000\040\000I\000i\000r\000:\000:\000P\000o\000l\000e\000F\000i\000l\000t\000e\000r\000B\000a\000s\000e\000<\000\040\000A\000n\000a\000l\000o\000g\000P\000r\000o\000t\000o\000t\000y\000p\000e\000\040\000>\000\040\000C\000l\000a\000s\000s\000\040\000T\000e\000m\000p\000l\000a\000t\000e\000\040\000R\000e\000f\000e\000r\000e\000n\000c\000e}{section.7}% 181
\BOOKMARK [3][-]{subsubsection.7.74.1}{\376\377\0007\000.\0007\0004\000.\0001\000\040\000D\000e\000t\000a\000i\000l\000e\000d\000\040\000D\000e\000s\000c\000r\000i\000p\000t\000i\000o\000n}{subsection.7.74}% 182
\BOOKMARK [2][-]{subsection.7.75}{\376\377\0007\000.\0007\0005\000\040\000I\000i\000r\000:\000:\000P\000o\000l\000e\000F\000i\000l\000t\000e\000r\000B\000a\000s\000e\0002\000\040\000C\000l\000a\000s\000s\000\040\000R\000e\000f\000e\000r\000e\000n\000c\000e}{section.7}% 183
\BOOKMARK [3][-]{subsubsection.7.75.1}{\376\377\0007\000.\0007\0005\000.\0001\000\040\000D\000e\000t\000a\000i\000l\000e\000d\000\040\000D\000e\000s\000c\000r\000i\000p\000t\000i\000o\000n}{subsection.7.75}% 184
\BOOKMARK [2][-]{subsection.7.76}{\376\377\0007\000.\0007\0006\000\040\000I\000i\000r\000:\000:\000P\000o\000l\000e\000Z\000e\000r\000o\000P\000a\000i\000r\000\040\000S\000t\000r\000u\000c\000t\000\040\000R\000e\000f\000e\000r\000e\000n\000c\000e}{section.7}% 185
\BOOKMARK [3][-]{subsubsection.7.76.1}{\376\377\0007\000.\0007\0006\000.\0001\000\040\000D\000e\000t\000a\000i\000l\000e\000d\000\040\000D\000e\000s\000c\000r\000i\000p\000t\000i\000o\000n}{subsection.7.76}% 186
\BOOKMARK [2][-]{subsection.7.77}{\376\377\0007\000.\0007\0007\000\040\000I\000i\000r\000:\000:\000R\000B\000J\000:\000:\000R\000B\000J\000b\000a\000s\000e\000\040\000S\000t\000r\000u\000c\000t\000\040\000R\000e\000f\000e\000r\000e\000n\000c\000e}{section.7}% 187
\BOOKMARK [3][-]{subsubsection.7.77.1}{\376\377\0007\000.\0007\0007\000.\0001\000\040\000D\000e\000t\000a\000i\000l\000e\000d\000\040\000D\000e\000s\000c\000r\000i\000p\000t\000i\000o\000n}{subsection.7.77}% 188
\BOOKMARK [2][-]{subsection.7.78}{\376\377\0007\000.\0007\0008\000\040\000I\000i\000r\000:\000:\000C\000u\000s\000t\000o\000m\000:\000:\000S\000O\000S\000C\000a\000s\000c\000a\000d\000e\000<\000\040\000N\000S\000O\000S\000,\000\040\000S\000t\000a\000t\000e\000T\000y\000p\000e\000\040\000>\000\040\000S\000t\000r\000u\000c\000t\000\040\000T\000e\000m\000p\000l\000a\000t\000e\000\040\000R\000e\000f\000e\000r\000e\000n\000c\000e}{section.7}% 189
\BOOKMARK [3][-]{subsubsection.7.78.1}{\376\377\0007\000.\0007\0008\000.\0001\000\040\000D\000e\000t\000a\000i\000l\000e\000d\000\040\000D\000e\000s\000c\000r\000i\000p\000t\000i\000o\000n}{subsection.7.78}% 190
\BOOKMARK [3][-]{subsubsection.7.78.2}{\376\377\0007\000.\0007\0008\000.\0002\000\040\000C\000o\000n\000s\000t\000r\000u\000c\000t\000o\000r\000\040\000\046\000\040\000D\000e\000s\000t\000r\000u\000c\000t\000o\000r\000\040\000D\000o\000c\000u\000m\000e\000n\000t\000a\000t\000i\000o\000n}{subsection.7.78}% 191
\BOOKMARK [3][-]{subsubsection.7.78.3}{\376\377\0007\000.\0007\0008\000.\0003\000\040\000M\000e\000m\000b\000e\000r\000\040\000F\000u\000n\000c\000t\000i\000o\000n\000\040\000D\000o\000c\000u\000m\000e\000n\000t\000a\000t\000i\000o\000n}{subsection.7.78}% 192
\BOOKMARK [2][-]{subsection.7.79}{\376\377\0007\000.\0007\0009\000\040\000I\000i\000r\000:\000:\000C\000a\000s\000c\000a\000d\000e\000:\000:\000S\000t\000o\000r\000a\000g\000e\000\040\000S\000t\000r\000u\000c\000t\000\040\000R\000e\000f\000e\000r\000e\000n\000c\000e}{section.7}% 193
\BOOKMARK [3][-]{subsubsection.7.79.1}{\376\377\0007\000.\0007\0009\000.\0001\000\040\000D\000e\000t\000a\000i\000l\000e\000d\000\040\000D\000e\000s\000c\000r\000i\000p\000t\000i\000o\000n}{subsection.7.79}% 194
\BOOKMARK [2][-]{subsection.7.80}{\376\377\0007\000.\0008\0000\000\040\000I\000i\000r\000:\000:\000T\000r\000a\000n\000s\000p\000o\000s\000e\000d\000D\000i\000r\000e\000c\000t\000F\000o\000r\000m\000I\000I\000\040\000C\000l\000a\000s\000s\000\040\000R\000e\000f\000e\000r\000e\000n\000c\000e}{section.7}% 195
\BOOKMARK [2][-]{subsection.7.81}{\376\377\0007\000.\0008\0001\000\040\000I\000i\000r\000:\000:\000C\000u\000s\000t\000o\000m\000:\000:\000T\000w\000o\000P\000o\000l\000e\000\040\000S\000t\000r\000u\000c\000t\000\040\000R\000e\000f\000e\000r\000e\000n\000c\000e}{section.7}% 196
\BOOKMARK [3][-]{subsubsection.7.81.1}{\376\377\0007\000.\0008\0001\000.\0001\000\040\000D\000e\000t\000a\000i\000l\000e\000d\000\040\000D\000e\000s\000c\000r\000i\000p\000t\000i\000o\000n}{subsection.7.81}% 197
\BOOKMARK [1][-]{section.8}{\376\377\0008\000\040\000F\000i\000l\000e\000\040\000D\000o\000c\000u\000m\000e\000n\000t\000a\000t\000i\000o\000n}{}% 198
\BOOKMARK [2][-]{subsection.8.1}{\376\377\0008\000.\0001\000\040\000I\000i\000r\000.\000h}{section.8}% 199
\BOOKMARK [2][-]{subsection.8.2}{\376\377\0008\000.\0002\000\040\000B\000i\000q\000u\000a\000d\000.\000h}{section.8}% 200
\BOOKMARK [2][-]{subsection.8.3}{\376\377\0008\000.\0003\000\040\000B\000u\000t\000t\000e\000r\000w\000o\000r\000t\000h\000.\000h}{section.8}% 201
\BOOKMARK [2][-]{subsection.8.4}{\376\377\0008\000.\0004\000\040\000C\000a\000s\000c\000a\000d\000e\000.\000h}{section.8}% 202
\BOOKMARK [2][-]{subsection.8.5}{\376\377\0008\000.\0005\000\040\000C\000h\000e\000b\000y\000s\000h\000e\000v\000I\000.\000h}{section.8}% 203
\BOOKMARK [2][-]{subsection.8.6}{\376\377\0008\000.\0006\000\040\000C\000h\000e\000b\000y\000s\000h\000e\000v\000I\000I\000.\000h}{section.8}% 204
\BOOKMARK [2][-]{subsection.8.7}{\376\377\0008\000.\0007\000\040\000C\000o\000m\000m\000o\000n\000.\000h}{section.8}% 205
\BOOKMARK [2][-]{subsection.8.8}{\376\377\0008\000.\0008\000\040\000C\000u\000s\000t\000o\000m\000.\000h}{section.8}% 206
\BOOKMARK [2][-]{subsection.8.9}{\376\377\0008\000.\0009\000\040\000L\000a\000y\000o\000u\000t\000.\000h}{section.8}% 207
\BOOKMARK [2][-]{subsection.8.10}{\376\377\0008\000.\0001\0000\000\040\000M\000a\000t\000h\000S\000u\000p\000p\000l\000e\000m\000e\000n\000t\000.\000h}{section.8}% 208
\BOOKMARK [2][-]{subsection.8.11}{\376\377\0008\000.\0001\0001\000\040\000P\000o\000l\000e\000F\000i\000l\000t\000e\000r\000.\000h}{section.8}% 209
\BOOKMARK [2][-]{subsection.8.12}{\376\377\0008\000.\0001\0002\000\040\000R\000B\000J\000.\000h}{section.8}% 210
\BOOKMARK [2][-]{subsection.8.13}{\376\377\0008\000.\0001\0003\000\040\000S\000t\000a\000t\000e\000.\000h}{section.8}% 211
\BOOKMARK [2][-]{subsection.8.14}{\376\377\0008\000.\0001\0004\000\040\000T\000y\000p\000e\000s\000.\000h}{section.8}% 212
\BOOKMARK [1][-]{section*.369}{\376\377\000I\000n\000d\000e\000x}{}% 213
