This is pdfTeX, Version 3.141592653-2.6-1.40.25 (TeX Live 2023/Debian) (preloaded format=pdflatex 2025.3.25)  4 JUL 2025 20:16
entering extended mode
 restricted \write18 enabled.
 %&-line parsing enabled.
**refman
(./refman.tex
LaTeX2e <2023-11-01> patch level 1
L3 programming layer <2024-01-22>
(/usr/share/texlive/texmf-dist/tex/latex/base/article.cls
Document Class: article 2023/05/17 v1.4n Standard LaTeX document class
(/usr/share/texlive/texmf-dist/tex/latex/base/size10.clo
File: size10.clo 2023/05/17 v1.4n Standard LaTeX file (size option)
)
\c@part=\count187
\c@section=\count188
\c@subsection=\count189
\c@subsubsection=\count190
\c@paragraph=\count191
\c@subparagraph=\count192
\c@figure=\count193
\c@table=\count194
\abovecaptionskip=\skip48
\belowcaptionskip=\skip49
\bibindent=\dimen140
)
(/usr/share/texlive/texmf-dist/tex/latex/base/ifthen.sty
Package: ifthen 2022/04/13 v1.1d Standard LaTeX ifthen package (DPC)
)
(/usr/share/texlive/texmf-dist/tex/latex/tools/array.sty
Rollback for package 'array' requested -> date 2016-10-06.
         Best approximation is the release introduced on 2016-10-06.

(/usr/share/texlive/texmf-dist/tex/latex/tools/array-2016-10-06.sty
Package: array 2016/10/06 v2.4d Tabular extension package (FMi)
\col@sep=\dimen141
\extrarowheight=\dimen142
\NC@list=\toks17
\extratabsurround=\skip50
\backup@length=\skip51
))
(/usr/share/texlive/texmf-dist/tex/generic/infwarerr/infwarerr.sty
package info suppressed
)
(./doxygen.sty
Package: doxygen 
 (/usr/share/texlive/texmf-dist/tex/latex/base/alltt.sty
Package: alltt 2021/01/29 v2.0g defines alltt environment
)
(/usr/share/texlive/texmf-dist/tex/latex/tools/calc.sty
Package: calc 2023/07/08 v4.3 Infix arithmetic (KKT,FJ)
\calc@Acount=\count195
\calc@Bcount=\count196
\calc@Adimen=\dimen143
\calc@Bdimen=\dimen144
\calc@Askip=\skip52
\calc@Bskip=\skip53
LaTeX Info: Redefining \setlength on input line 80.
LaTeX Info: Redefining \addtolength on input line 81.
\calc@Ccount=\count197
\calc@Cskip=\skip54
)
(/usr/share/texlive/texmf-dist/tex/latex/float/float.sty
Package: float 2001/11/08 v1.3d Float enhancements (AL)
\c@float@type=\count198
\float@exts=\toks18
\float@box=\box51
\@float@everytoks=\toks19
\@floatcapt=\box52
)
(/usr/share/texlive/texmf-dist/tex/latex/tools/verbatim.sty
Package: verbatim 2023-11-06 v1.5v LaTeX2e package for verbatim enhancements
\every@verbatim=\toks20
\verbatim@line=\toks21
\verbatim@in@stream=\read2
)
(/usr/share/texlive/texmf-dist/tex/latex/xcolor/xcolor.sty
Package: xcolor 2023/11/15 v3.01 LaTeX color extensions (UK)

(/usr/share/texlive/texmf-dist/tex/latex/graphics-cfg/color.cfg
File: color.cfg 2016/01/02 v1.6 sample color configuration
)
Package xcolor Info: Driver file: pdftex.def on input line 274.

(/usr/share/texlive/texmf-dist/tex/latex/graphics-def/pdftex.def
File: pdftex.def 2022/09/22 v1.2b Graphics/color driver for pdftex
)
(/usr/share/texlive/texmf-dist/tex/latex/graphics/mathcolor.ltx)
Package xcolor Info: Model `cmy' substituted by `cmy0' on input line 1350.
Package xcolor Info: Model `hsb' substituted by `rgb' on input line 1354.
Package xcolor Info: Model `RGB' extended on input line 1366.
Package xcolor Info: Model `HTML' substituted by `rgb' on input line 1368.
Package xcolor Info: Model `Hsb' substituted by `hsb' on input line 1369.
Package xcolor Info: Model `tHsb' substituted by `hsb' on input line 1370.
Package xcolor Info: Model `HSB' substituted by `hsb' on input line 1371.
Package xcolor Info: Model `Gray' substituted by `gray' on input line 1372.
Package xcolor Info: Model `wave' substituted by `hsb' on input line 1373.
)
(/usr/share/texlive/texmf-dist/tex/latex/colortbl/colortbl.sty
Package: colortbl 2022/06/20 v1.0f Color table columns (DPC)
\everycr=\toks22
\minrowclearance=\skip55
\rownum=\count199
)
(./longtable_doxygen.sty
Package: longtable_doxygen 2014/10/28 v4.11 Multi-page Table package (DPC) - fr
ozen version for doxygen
\LTleft=\skip56
\LTright=\skip57
\LTpre=\skip58
\LTpost=\skip59
\LTchunksize=\count266
\LTcapwidth=\dimen145
\LT@head=\box53
\LT@firsthead=\box54
\LT@foot=\box55
\LT@lastfoot=\box56
\LT@cols=\count267
\LT@rows=\count268
\c@LT@tables=\count269
\c@LT@chunks=\count270
\LT@p@ftn=\toks23
) (./tabu_doxygen.sty
Package: tabu_doxygen 2011/02/26 v2.8 - flexible LaTeX tabulars (FC), frozen ve
rsion for doxygen

(/usr/share/texlive/texmf-dist/tex/latex/varwidth/varwidth.sty
Package: varwidth 2009/03/30 ver 0.92;  Variable-width minipages
\@vwid@box=\box57
\sift@deathcycles=\count271
\@vwid@loff=\dimen146
\@vwid@roff=\dimen147
)
\c@taburow=\count272
\tabu@nbcols=\count273
\tabu@cnt=\count274
\tabu@Xcol=\count275
\tabu@alloc=\count276
\tabu@nested=\count277
\tabu@target=\dimen148
\tabu@spreadtarget=\dimen149
\tabu@naturalX=\dimen150
\tabucolX=\dimen151
\tabu@Xsum=\dimen152
\extrarowdepth=\dimen153
\abovetabulinesep=\dimen154
\belowtabulinesep=\dimen155
\tabustrutrule=\dimen156
\tabu@thebody=\toks24
\tabu@footnotes=\toks25
\tabu@box=\box58
\tabu@arstrutbox=\box59
\tabu@hleads=\box60
\tabu@vleads=\box61
\tabu@cellskip=\skip60
)
(/usr/share/texlive/texmf-dist/tex/latex/fancyvrb/fancyvrb.sty
Package: fancyvrb 2024/01/20 4.5c verbatim text (tvz,hv)

(/usr/share/texlive/texmf-dist/tex/latex/graphics/keyval.sty
Package: keyval 2022/05/29 v1.15 key=value parser (DPC)
\KV@toks@=\toks26
)
\FV@CodeLineNo=\count278
\FV@InFile=\read3
\FV@TabBox=\box62
\c@FancyVerbLine=\count279
\FV@StepNumber=\count280
\FV@OutFile=\write3
)
(/usr/share/texlive/texmf-dist/tex/latex/tools/tabularx.sty
Package: tabularx 2023/07/08 v2.11c `tabularx' package (DPC)
\TX@col@width=\dimen157
\TX@old@table=\dimen158
\TX@old@col=\dimen159
\TX@target=\dimen160
\TX@delta=\dimen161
\TX@cols=\count281
\TX@ftn=\toks27
)
(/usr/share/texlive/texmf-dist/tex/latex/tools/multicol.sty
Package: multicol 2023/03/30 v1.9f multicolumn formatting (FMi)
\c@tracingmulticols=\count282
\mult@box=\box63
\multicol@leftmargin=\dimen162
\c@unbalance=\count283
\c@collectmore=\count284
\doublecol@number=\count285
\multicoltolerance=\count286
\multicolpretolerance=\count287
\full@width=\dimen163
\page@free=\dimen164
\premulticols=\dimen165
\postmulticols=\dimen166
\multicolsep=\skip61
\multicolbaselineskip=\skip62
\partial@page=\box64
\last@line=\box65
\mc@boxedresult=\box66
\maxbalancingoverflow=\dimen167
\mult@rightbox=\box67
\mult@grightbox=\box68
\mult@firstbox=\box69
\mult@gfirstbox=\box70
\@tempa=\box71
\@tempa=\box72
\@tempa=\box73
\@tempa=\box74
\@tempa=\box75
\@tempa=\box76
\@tempa=\box77
\@tempa=\box78
\@tempa=\box79
\@tempa=\box80
\@tempa=\box81
\@tempa=\box82
\@tempa=\box83
\@tempa=\box84
\@tempa=\box85
\@tempa=\box86
\@tempa=\box87
\@tempa=\box88
\@tempa=\box89
\@tempa=\box90
\@tempa=\box91
\@tempa=\box92
\@tempa=\box93
\@tempa=\box94
\@tempa=\box95
\@tempa=\box96
\@tempa=\box97
\@tempa=\box98
\@tempa=\box99
\@tempa=\box100
\@tempa=\box101
\@tempa=\box102
\@tempa=\box103
\@tempa=\box104
\@tempa=\box105
\@tempa=\box106
\c@minrows=\count288
\c@columnbadness=\count289
\c@finalcolumnbadness=\count290
\last@try=\dimen168
\multicolovershoot=\dimen169
\multicolundershoot=\dimen170
\mult@nat@firstbox=\box107
\colbreak@box=\box108
\mc@col@check@num=\count291
)
(/usr/share/texlive/texmf-dist/tex/latex/multirow/multirow.sty
Package: multirow 2021/03/15 v2.8 Span multiple rows of a table
\multirow@colwidth=\skip63
\multirow@cntb=\count292
\multirow@dima=\skip64
\bigstrutjot=\dimen171
)
(/usr/share/texlive/texmf-dist/tex/latex/hanging/hanging.sty
Package: hanging 2009/09/02 v1.2b hanging paragraphs and punctuation
\h@ngcommawd=\skip65
\h@ngfstopwd=\skip66
\h@ngquotewd=\skip67
\h@ngdquotewd=\skip68
\h@ngquerywd=\skip69
\h@ngexclwd=\skip70
\h@ngcolonwd=\skip71
\h@ngscolonwd=\skip72
)
(/usr/share/texlive/texmf-dist/tex/generic/iftex/ifpdf.sty
Package: ifpdf 2019/10/25 v3.4 ifpdf legacy package. Use iftex instead.

(/usr/share/texlive/texmf-dist/tex/generic/iftex/iftex.sty
Package: iftex 2022/02/03 v1.0f TeX engine tests
))
(/usr/share/texlive/texmf-dist/tex/latex/adjustbox/adjustbox.sty
Package: adjustbox 2022/10/17 v1.3a Adjusting TeX boxes (trim, clip, ...)

(/usr/share/texlive/texmf-dist/tex/latex/xkeyval/xkeyval.sty
Package: xkeyval 2022/06/16 v2.9 package option processing (HA)

(/usr/share/texlive/texmf-dist/tex/generic/xkeyval/xkeyval.tex
(/usr/share/texlive/texmf-dist/tex/generic/xkeyval/xkvutils.tex
\XKV@toks=\toks28
\XKV@tempa@toks=\toks29
)
\XKV@depth=\count293
File: xkeyval.tex 2014/12/03 v2.7a key=value parser (HA)
))
(/usr/share/texlive/texmf-dist/tex/latex/adjustbox/adjcalc.sty
Package: adjcalc 2012/05/16 v1.1 Provides advanced setlength with multiple back
-ends (calc, etex, pgfmath)
)
(/usr/share/texlive/texmf-dist/tex/latex/adjustbox/trimclip.sty
Package: trimclip 2020/08/19 v1.2 Trim and clip general TeX material

(/usr/share/texlive/texmf-dist/tex/latex/graphics/graphicx.sty
Package: graphicx 2021/09/16 v1.2d Enhanced LaTeX Graphics (DPC,SPQR)

(/usr/share/texlive/texmf-dist/tex/latex/graphics/graphics.sty
Package: graphics 2022/03/10 v1.4e Standard LaTeX Graphics (DPC,SPQR)

(/usr/share/texlive/texmf-dist/tex/latex/graphics/trig.sty
Package: trig 2021/08/11 v1.11 sin cos tan (DPC)
)
(/usr/share/texlive/texmf-dist/tex/latex/graphics-cfg/graphics.cfg
File: graphics.cfg 2016/06/04 v1.11 sample graphics configuration
)
Package graphics Info: Driver file: pdftex.def on input line 107.
)
\Gin@req@height=\dimen172
\Gin@req@width=\dimen173
)
(/usr/share/texlive/texmf-dist/tex/latex/collectbox/collectbox.sty
Package: collectbox 2022/10/17 v0.4c Collect macro arguments as boxes
\collectedbox=\box109
)
\tc@llx=\dimen174
\tc@lly=\dimen175
\tc@urx=\dimen176
\tc@ury=\dimen177
Package trimclip Info: Using driver 'tc-pdftex.def'.

(/usr/share/texlive/texmf-dist/tex/latex/adjustbox/tc-pdftex.def
File: tc-pdftex.def 2019/01/04 v2.2 Clipping driver for pdftex
))
\adjbox@Width=\dimen178
\adjbox@Height=\dimen179
\adjbox@Depth=\dimen180
\adjbox@Totalheight=\dimen181
\adjbox@pwidth=\dimen182
\adjbox@pheight=\dimen183
\adjbox@pdepth=\dimen184
\adjbox@ptotalheight=\dimen185

(/usr/share/texlive/texmf-dist/tex/latex/ifoddpage/ifoddpage.sty
Package: ifoddpage 2022/10/18 v1.2 Conditionals for odd/even page detection
\c@checkoddpage=\count294
))
(/usr/share/texlive/texmf-dist/tex/latex/amsfonts/amssymb.sty
Package: amssymb 2013/01/14 v3.01 AMS font symbols

(/usr/share/texlive/texmf-dist/tex/latex/amsfonts/amsfonts.sty
Package: amsfonts 2013/01/14 v3.01 Basic AMSFonts support
\@emptytoks=\toks30
\symAMSa=\mathgroup4
\symAMSb=\mathgroup5
LaTeX Font Info:    Redeclaring math symbol \hbar on input line 98.
LaTeX Font Info:    Overwriting math alphabet `\mathfrak' in version `bold'
(Font)                  U/euf/m/n --> U/euf/b/n on input line 106.
))
(/usr/share/texlive/texmf-dist/tex/latex/stackengine/stackengine.sty
Package: stackengine 2021/07/22 v4.11\ Stacking text and objects in convenient 
ways

(/usr/share/texlive/texmf-dist/tex/latex/etoolbox/etoolbox.sty
Package: etoolbox 2020/10/05 v2.5k e-TeX tools for LaTeX (JAW)
\etb@tempcnta=\count295
)
(/usr/share/texlive/texmf-dist/tex/generic/listofitems/listofitems.sty
(/usr/share/texlive/texmf-dist/tex/generic/listofitems/listofitems.tex
\loi_cnt_foreach_nest=\count296
\loi_nestcnt=\count297
)
Package: listofitems 2019/08/21 v1.63 Grab items in lists using user-specified 
sep char (CT)
)
\c@@stackindex=\count298
\@boxshift=\skip73
\stack@tmplength=\skip74
\temp@stkl=\skip75
\@stackedboxwidth=\skip76
\@addedbox=\box110
\@anchorbox=\box111
\@insetbox=\box112
\se@backgroundbox=\box113
\stackedbox=\box114
\@centerbox=\box115
\c@ROWcellindex@=\count299
)
(/usr/share/texlive/texmf-dist/tex/latex/enumitem/enumitem.sty
Package: enumitem 2019/06/20 v3.9 Customized lists
\labelindent=\skip77
\enit@outerparindent=\dimen186
\enit@toks=\toks31
\enit@inbox=\box116
\enit@count@id=\count300
\enitdp@description=\count301
)
(/usr/share/texlive/texmf-dist/tex/generic/alphalph/alphalph.sty
Package: alphalph 2019/12/09 v2.6 Convert numbers to letters (HO)

(/usr/share/texlive/texmf-dist/tex/generic/intcalc/intcalc.sty
Package: intcalc 2019/12/15 v1.3 Expandable calculations with integers (HO)
))
(/usr/share/texlive/texmf-dist/tex/generic/ulem/ulem.sty
\UL@box=\box117
\UL@hyphenbox=\box118
\UL@skip=\skip78
\UL@hook=\toks32
\UL@height=\dimen187
\UL@pe=\count302
\UL@pixel=\dimen188
\ULC@box=\box119
Package: ulem 2019/11/18
\ULdepth=\dimen189
)
\xrefbox=\box120
\xreflength=\skip79
\CodeWidthChar=\skip80
\CodeHeightChar=\skip81
\DoxyCodeWidth=\skip82
\c@DoxyEnumeratei=\count303
\c@DoxyEnumerateii=\count304
\c@DoxyEnumerateiii=\count305
\c@DoxyEnumerateiv=\count306
\c@DoxyEnumeratev=\count307
\c@DoxyEnumeratevi=\count308
\c@DoxyEnumeratevii=\count309
\c@DoxyEnumerateviii=\count310
\c@DoxyEnumerateix=\count311
\c@DoxyEnumeratex=\count312
\c@DoxyEnumeratexi=\count313
\c@DoxyEnumeratexii=\count314
\enitdp@DoxyEnumerate=\count315
\enitdp@DoxyItemize=\count316
\c@subsubsubsection=\count317
\c@subsubsubsubsection=\count318
\c@subsubsubsubsubsection=\count319
\c@subsubsubsubsubsubsection=\count320
)
(/usr/share/texlive/texmf-dist/tex/latex/base/inputenc.sty
Package: inputenc 2021/02/14 v1.3d Input encoding file
\inpenc@prehook=\toks33
\inpenc@posthook=\toks34
)
(/usr/share/texlive/texmf-dist/tex/latex/base/makeidx.sty
Package: makeidx 2021/10/04 v1.0m Standard LaTeX package
)
(/usr/share/texlive/texmf-dist/tex/latex/base/textcomp.sty
Package: textcomp 2020/02/02 v2.0n Standard LaTeX package
)
(/usr/share/texlive/texmf-dist/tex/latex/wasysym/wasysym.sty
Package: wasysym 2020/01/19 v2.4 Wasy-2 symbol support package
\symwasy=\mathgroup6
LaTeX Font Info:    Overwriting symbol font `wasy' in version `bold'
(Font)                  U/wasy/m/n --> U/wasy/b/n on input line 93.
)
(/usr/share/texlive/texmf-dist/tex/generic/iftex/ifxetex.sty
Package: ifxetex 2019/10/25 v0.7 ifxetex legacy package. Use iftex instead.
)
(/usr/share/texlive/texmf-dist/tex/latex/base/fontenc.sty
Package: fontenc 2021/04/29 v2.0v Standard LaTeX package
)
(/usr/share/texlive/texmf-dist/tex/latex/psnfss/helvet.sty
Package: helvet 2020/03/25 PSNFSS-v9.3 (WaS) 
)
(/usr/share/texlive/texmf-dist/tex/latex/psnfss/courier.sty
Package: courier 2020/03/25 PSNFSS-v9.3 (WaS) 
)
(/usr/share/texlive/texmf-dist/tex/latex/geometry/geometry.sty
Package: geometry 2020/01/02 v5.9 Page Geometry

(/usr/share/texlive/texmf-dist/tex/generic/iftex/ifvtex.sty
Package: ifvtex 2019/10/25 v1.7 ifvtex legacy package. Use iftex instead.
)
\Gm@cnth=\count321
\Gm@cntv=\count322
\c@Gm@tempcnt=\count323
\Gm@bindingoffset=\dimen190
\Gm@wd@mp=\dimen191
\Gm@odd@mp=\dimen192
\Gm@even@mp=\dimen193
\Gm@layoutwidth=\dimen194
\Gm@layoutheight=\dimen195
\Gm@layouthoffset=\dimen196
\Gm@layoutvoffset=\dimen197
\Gm@dimlist=\toks35
)
(/usr/share/texlive/texmf-dist/tex/latex/changepage/changepage.sty
Package: changepage 2009/10/20 v1.0c check page and change page layout
\c@cp@cntr=\count324
\cp@tempcnt=\count325
LaTeX Info: Redefining \checkoddpage on input line 59.
)
(/usr/share/texlive/texmf-dist/tex/latex/fancyhdr/fancyhdr.sty
Package: fancyhdr 2022/11/09 v4.1 Extensive control of page headers and footers

\f@nch@headwidth=\skip83
\f@nch@O@elh=\skip84
\f@nch@O@erh=\skip85
\f@nch@O@olh=\skip86
\f@nch@O@orh=\skip87
\f@nch@O@elf=\skip88
\f@nch@O@erf=\skip89
\f@nch@O@olf=\skip90
\f@nch@O@orf=\skip91
)
(/usr/share/texlive/texmf-dist/tex/latex/natbib/natbib.sty
Package: natbib 2010/09/13 8.31b (PWD, AO)
\bibhang=\skip92
\bibsep=\skip93
LaTeX Info: Redefining \cite on input line 694.
\c@NAT@ctr=\count326
)
(/usr/share/texlive/texmf-dist/tex/latex/tocloft/tocloft.sty
Package: tocloft 2017/08/31 v2.3i parameterised ToC, etc., typesetting
Package tocloft Info: The document has section divisions on input line 51.
\cftparskip=\skip94
\cftbeforetoctitleskip=\skip95
\cftaftertoctitleskip=\skip96
\cftbeforepartskip=\skip97
\cftpartnumwidth=\skip98
\cftpartindent=\skip99
\cftbeforesecskip=\skip100
\cftsecindent=\skip101
\cftsecnumwidth=\skip102
\cftbeforesubsecskip=\skip103
\cftsubsecindent=\skip104
\cftsubsecnumwidth=\skip105
\cftbeforesubsubsecskip=\skip106
\cftsubsubsecindent=\skip107
\cftsubsubsecnumwidth=\skip108
\cftbeforeparaskip=\skip109
\cftparaindent=\skip110
\cftparanumwidth=\skip111
\cftbeforesubparaskip=\skip112
\cftsubparaindent=\skip113
\cftsubparanumwidth=\skip114
\cftbeforeloftitleskip=\skip115
\cftafterloftitleskip=\skip116
\cftbeforefigskip=\skip117
\cftfigindent=\skip118
\cftfignumwidth=\skip119
\c@lofdepth=\count327
\c@lotdepth=\count328
\cftbeforelottitleskip=\skip120
\cftafterlottitleskip=\skip121
\cftbeforetabskip=\skip122
\cfttabindent=\skip123
\cfttabnumwidth=\skip124
)
\@indexfile=\write4
\openout4 = `refman.idx'.


Writing index file refman.idx
(/usr/share/texlive/texmf-dist/tex/latex/newunicodechar/newunicodechar.sty
Package: newunicodechar 2018/04/08 v1.2 Defining Unicode characters
)
(/usr/share/texlive/texmf-dist/tex/latex/hyperref/hyperref.sty
Package: hyperref 2024-01-20 v7.01h Hypertext links for LaTeX

(/usr/share/texlive/texmf-dist/tex/latex/kvsetkeys/kvsetkeys.sty
Package: kvsetkeys 2022-10-05 v1.19 Key value parser (HO)
)
(/usr/share/texlive/texmf-dist/tex/generic/kvdefinekeys/kvdefinekeys.sty
Package: kvdefinekeys 2019-12-19 v1.6 Define keys (HO)
)
(/usr/share/texlive/texmf-dist/tex/generic/pdfescape/pdfescape.sty
Package: pdfescape 2019/12/09 v1.15 Implements pdfTeX's escape features (HO)

(/usr/share/texlive/texmf-dist/tex/generic/ltxcmds/ltxcmds.sty
Package: ltxcmds 2023-12-04 v1.26 LaTeX kernel commands for general use (HO)
)
(/usr/share/texlive/texmf-dist/tex/generic/pdftexcmds/pdftexcmds.sty
Package: pdftexcmds 2020-06-27 v0.33 Utility functions of pdfTeX for LuaTeX (HO
)
Package pdftexcmds Info: \pdf@primitive is available.
Package pdftexcmds Info: \pdf@ifprimitive is available.
Package pdftexcmds Info: \pdfdraftmode found.
))
(/usr/share/texlive/texmf-dist/tex/latex/hycolor/hycolor.sty
Package: hycolor 2020-01-27 v1.10 Color options for hyperref/bookmark (HO)
)
(/usr/share/texlive/texmf-dist/tex/latex/auxhook/auxhook.sty
Package: auxhook 2019-12-17 v1.6 Hooks for auxiliary files (HO)
)
(/usr/share/texlive/texmf-dist/tex/latex/hyperref/nameref.sty
Package: nameref 2023-11-26 v2.56 Cross-referencing by name of section

(/usr/share/texlive/texmf-dist/tex/latex/refcount/refcount.sty
Package: refcount 2019/12/15 v3.6 Data extraction from label references (HO)
)
(/usr/share/texlive/texmf-dist/tex/generic/gettitlestring/gettitlestring.sty
Package: gettitlestring 2019/12/15 v1.6 Cleanup title references (HO)

(/usr/share/texlive/texmf-dist/tex/latex/kvoptions/kvoptions.sty
Package: kvoptions 2022-06-15 v3.15 Key value format for package options (HO)
))
\c@section@level=\count329
)
\@linkdim=\dimen198
\Hy@linkcounter=\count330
\Hy@pagecounter=\count331

(/usr/share/texlive/texmf-dist/tex/latex/hyperref/pd1enc.def
File: pd1enc.def 2024-01-20 v7.01h Hyperref: PDFDocEncoding definition (HO)
Now handling font encoding PD1 ...
... no UTF-8 mapping file for font encoding PD1
)
\Hy@SavedSpaceFactor=\count332

(/usr/share/texlive/texmf-dist/tex/latex/hyperref/puenc.def
File: puenc.def 2024-01-20 v7.01h Hyperref: PDF Unicode definition (HO)
Now handling font encoding PU ...
... no UTF-8 mapping file for font encoding PU
)
Package hyperref Info: Hyper figures OFF on input line 4179.
Package hyperref Info: Link nesting OFF on input line 4184.
Package hyperref Info: Hyper index ON on input line 4187.
Package hyperref Info: Plain pages OFF on input line 4194.
Package hyperref Info: Backreferencing ON on input line 4197.
Package hyperref Info: Implicit mode ON; LaTeX internals redefined.
Package hyperref Info: Bookmarks ON on input line 4446.

(/usr/share/texlive/texmf-dist/tex/latex/hyperref/backref.sty
Package: backref 2023-11-26 v1.44 Bibliographical back referencing

(/usr/share/texlive/texmf-dist/tex/latex/rerunfilecheck/rerunfilecheck.sty
Package: rerunfilecheck 2022-07-10 v1.10 Rerun checks for auxiliary files (HO)

(/usr/share/texlive/texmf-dist/tex/latex/base/atveryend-ltx.sty
Package: atveryend-ltx 2020/08/19 v1.0a Emulation of the original atveryend pac
kage
with kernel methods
)
(/usr/share/texlive/texmf-dist/tex/generic/uniquecounter/uniquecounter.sty
Package: uniquecounter 2019/12/15 v1.4 Provide unlimited unique counter (HO)

(/usr/share/texlive/texmf-dist/tex/generic/bigintcalc/bigintcalc.sty
Package: bigintcalc 2019/12/15 v1.5 Expandable calculations on big integers (HO
)
))
Package uniquecounter Info: New unique counter `rerunfilecheck' on input line 2
85.
))
\c@Hy@tempcnt=\count333

(/usr/share/texlive/texmf-dist/tex/latex/url/url.sty
\Urlmuskip=\muskip16
Package: url 2013/09/16  ver 3.4  Verb mode for urls, etc.
)
LaTeX Info: Redefining \url on input line 4784.
\XeTeXLinkMargin=\dimen199

(/usr/share/texlive/texmf-dist/tex/generic/bitset/bitset.sty
Package: bitset 2019/12/09 v1.3 Handle bit-vector datatype (HO)
)
\Fld@menulength=\count334
\Field@Width=\dimen256
\Fld@charsize=\dimen257
Package hyperref Info: Hyper figures OFF on input line 6063.
Package hyperref Info: Link nesting OFF on input line 6068.
Package hyperref Info: Hyper index ON on input line 6071.
Package hyperref Info: backreferencing ON on input line 6076.
Package hyperref Info: Link coloring OFF on input line 6083.
Package hyperref Info: Link coloring with OCG OFF on input line 6088.
Package hyperref Info: PDF/A mode OFF on input line 6093.

(/usr/share/texlive/texmf-dist/tex/latex/base/atbegshi-ltx.sty
Package: atbegshi-ltx 2021/01/10 v1.0c Emulation of the original atbegshi
package with kernel methods
)
\Hy@abspage=\count335
\c@Item=\count336
\c@Hfootnote=\count337
)
Package hyperref Info: Driver: hpdftex.

(/usr/share/texlive/texmf-dist/tex/latex/hyperref/hpdftex.def
File: hpdftex.def 2024-01-20 v7.01h Hyperref driver for pdfTeX
\Fld@listcount=\count338
\c@bookmark@seq@number=\count339
\Hy@SectionHShift=\skip125
)
Package hyperref Info: Option `colorlinks' set `true' on input line 158.
Package hyperref Info: Option `unicode' set `true' on input line 158.

(/usr/share/texlive/texmf-dist/tex/latex/caption/caption.sty
Package: caption 2023/08/05 v3.6o Customizing captions (AR)

(/usr/share/texlive/texmf-dist/tex/latex/caption/caption3.sty
Package: caption3 2023/07/31 v2.4d caption3 kernel (AR)
\caption@tempdima=\dimen258
\captionmargin=\dimen259
\caption@leftmargin=\dimen260
\caption@rightmargin=\dimen261
\caption@width=\dimen262
\caption@indent=\dimen263
\caption@parindent=\dimen264
\caption@hangindent=\dimen265
Package caption Info: Standard document class detected.
)
\c@caption@flags=\count340
\c@continuedfloat=\count341
Package caption Info: changepage package is loaded.
\caption@adjustwidth@hsize=\dimen266
\caption@adjustwidth@linewidth=\dimen267
Package caption Info: float package is loaded.
Package caption Info: hyperref package is loaded.
Package caption Info: longtable package is loaded.

(/usr/share/texlive/texmf-dist/tex/latex/caption/ltcaption.sty
Package: ltcaption 2021/01/08 v1.4c longtable captions (AR)
))
(/usr/share/texlive/texmf-dist/tex/latex/etoc/etoc.sty
Package: etoc 2023/10/29 v1.2d Completely customisable TOCs (JFB)
\Etoc@toctoks=\toks36
\c@etoc@tocid=\count342
\etoc@framed@titlebox=\box121
\etoc@framed@contentsbox=\box122
)
LaTeX Font Info:    Trying to load font information for T1+phv on input line 18
0.

(/usr/share/texlive/texmf-dist/tex/latex/psnfss/t1phv.fd
File: t1phv.fd 2020/03/25 scalable font definitions for T1/phv.
)
LaTeX Font Info:    Font shape `T1/phv/m/n' will be
(Font)              scaled to size 8.99994pt on input line 180.

(/usr/share/texlive/texmf-dist/tex/latex/l3backend/l3backend-pdftex.def
File: l3backend-pdftex.def 2024-01-04 L3 backend support: PDF output (pdfTeX)
\l__color_backend_stack_int=\count343
\l__pdf_internal_box=\box123
)
(./refman.aux)
\openout1 = `refman.aux'.

LaTeX Font Info:    Checking defaults for OML/cmm/m/it on input line 180.
LaTeX Font Info:    ... okay on input line 180.
LaTeX Font Info:    Checking defaults for OMS/cmsy/m/n on input line 180.
LaTeX Font Info:    ... okay on input line 180.
LaTeX Font Info:    Checking defaults for OT1/cmr/m/n on input line 180.
LaTeX Font Info:    ... okay on input line 180.
LaTeX Font Info:    Checking defaults for T1/cmr/m/n on input line 180.
LaTeX Font Info:    ... okay on input line 180.
LaTeX Font Info:    Checking defaults for TS1/cmr/m/n on input line 180.
LaTeX Font Info:    ... okay on input line 180.
LaTeX Font Info:    Checking defaults for OMX/cmex/m/n on input line 180.
LaTeX Font Info:    ... okay on input line 180.
LaTeX Font Info:    Checking defaults for U/cmr/m/n on input line 180.
LaTeX Font Info:    ... okay on input line 180.
LaTeX Font Info:    Checking defaults for PD1/pdf/m/n on input line 180.
LaTeX Font Info:    ... okay on input line 180.
LaTeX Font Info:    Checking defaults for PU/pdf/m/n on input line 180.
LaTeX Font Info:    ... okay on input line 180.

(/usr/share/texlive/texmf-dist/tex/context/base/mkii/supp-pdf.mkii
[Loading MPS to PDF converter (version 2006.09.02).]
\scratchcounter=\count344
\scratchdimen=\dimen268
\scratchbox=\box124
\nofMPsegments=\count345
\nofMParguments=\count346
\everyMPshowfont=\toks37
\MPscratchCnt=\count347
\MPscratchDim=\dimen269
\MPnumerator=\count348
\makeMPintoPDFobject=\count349
\everyMPtoPDFconversion=\toks38
) (/usr/share/texlive/texmf-dist/tex/latex/epstopdf-pkg/epstopdf-base.sty
Package: epstopdf-base 2020-01-24 v2.11 Base part for package epstopdf
Package epstopdf-base Info: Redefining graphics rule for `.eps' on input line 4
85.

(/usr/share/texlive/texmf-dist/tex/latex/latexconfig/epstopdf-sys.cfg
File: epstopdf-sys.cfg 2010/07/13 v1.3 Configuration of (r)epstopdf for TeX Liv
e
))
*geometry* driver: auto-detecting
*geometry* detected driver: pdftex
*geometry* verbose mode - [ preamble ] result:
* driver: pdftex
* paper: a4paper
* layout: <same size as paper>
* layoutoffset:(h,v)=(0.0pt,0.0pt)
* modes: twoside 
* h-part:(L,W,R)=(71.13188pt, 455.24411pt, 71.13188pt)
* v-part:(T,H,B)=(71.13188pt, 702.78308pt, 71.13188pt)
* \paperwidth=597.50787pt
* \paperheight=845.04684pt
* \textwidth=455.24411pt
* \textheight=702.78308pt
* \oddsidemargin=-1.1381pt
* \evensidemargin=-1.1381pt
* \topmargin=-38.1381pt
* \headheight=12.0pt
* \headsep=25.0pt
* \topskip=10.0pt
* \footskip=30.0pt
* \marginparwidth=121.0pt
* \marginparsep=11.0pt
* \columnsep=10.0pt
* \skip\footins=9.0pt plus 4.0pt minus 2.0pt
* \hoffset=0.0pt
* \voffset=0.0pt
* \mag=1000
* \@twocolumnfalse
* \@twosidetrue
* \@mparswitchtrue
* \@reversemarginfalse
* (1in=72.27pt=25.4mm, 1cm=28.453pt)

Package backref Info: ** backref set up for natbib ** on input line 180.
Package hyperref Info: Link coloring ON on input line 180.
(./refman.out) (./refman.out)
\@outlinefile=\write5
\openout5 = `refman.out'.

Package caption Info: Begin \AtBeginDocument code.
Package caption Info: End \AtBeginDocument code.
\Etoc@tf=\read4
Package hyperref Info: Option `pageanchor' set `false' on input line 188.
Package hyperref Info: Option `bookmarksnumbered' set `true' on input line 188.

Package hyperref Info: Option `unicode' set `true' on input line 188.
LaTeX Font Info:    Font shape `T1/phv/m/n' will be
(Font)              scaled to size 12.9599pt on input line 193.
LaTeX Font Info:    Font shape `T1/phv/m/n' will be
(Font)              scaled to size 10.79993pt on input line 195.
LaTeX Font Info:    Font shape `T1/phv/m/n' will be
(Font)              scaled to size 6.29996pt on input line 195.
LaTeX Font Info:    Trying to load font information for U+msa on input line 195
.

(/usr/share/texlive/texmf-dist/tex/latex/amsfonts/umsa.fd
File: umsa.fd 2013/01/14 v3.01 AMS symbols A
)
LaTeX Font Info:    Trying to load font information for U+msb on input line 195
.

(/usr/share/texlive/texmf-dist/tex/latex/amsfonts/umsb.fd
File: umsb.fd 2013/01/14 v3.01 AMS symbols B
)
LaTeX Font Info:    Trying to load font information for U+wasy on input line 19
5.

(/usr/share/texlive/texmf-dist/tex/latex/wasysym/uwasy.fd
File: uwasy.fd 2020/01/19 v2.4 Wasy-2 symbol font definitions
)
LaTeX Font Info:    Font shape `T1/phv/m/n' will be
(Font)              scaled to size 8.09995pt on input line 197.
 [1

{/var/lib/texmf/fonts/map/pdftex/updmap/pdftex.map}{/usr/share/texlive/texmf-di
st/fonts/enc/dvips/base/8r.enc}]
\tf@toc=\write6
\openout6 = `refman.toc'.

LaTeX Font Info:    Font shape `T1/phv/b/n' will be
(Font)              scaled to size 8.99994pt on input line 202.
LaTeX Font Info:    Font shape `T1/phv/b/n' will be
(Font)              scaled to size 6.29996pt on input line 202.
 [1] [2] [3] [4] [5]
Package hyperref Info: Option `pageanchor' set `true' on input line 204.
 (./index.tex
LaTeX Font Info:    Font shape `T1/phv/b/n' will be
(Font)              scaled to size 12.9599pt on input line 1.
LaTeX Font Info:    Trying to load font information for TS1+phv on input line 1
1.

(/usr/share/texlive/texmf-dist/tex/latex/psnfss/ts1phv.fd
File: ts1phv.fd 2020/03/25 scalable font definitions for TS1/phv.
)
LaTeX Font Info:    Font shape `TS1/phv/m/n' will be
(Font)              scaled to size 8.99994pt on input line 11.
LaTeX Font Info:    Trying to load font information for T1+pcr on input line 13
.

(/usr/share/texlive/texmf-dist/tex/latex/psnfss/t1pcr.fd
File: t1pcr.fd 2001/06/04 font definitions for T1/pcr.
)) (./namespaces.tex
LaTeX Font Info:    Font shape `T1/phv/b/n' will be
(Font)              scaled to size 10.79993pt on input line 1.
)
(./hierarchy.tex [1] [2] [3] [4]) (./annotated.tex [5] [6] [7]) (./files.tex)
(./namespaceIir.tex [8] [9]) (./namespaceIir_1_1Butterworth.tex [10])
(./namespaceIir_1_1ChebyshevI.tex) (./namespaceIir_1_1ChebyshevII.tex [11])
(./namespaceIir_1_1Custom.tex) (./structIir_1_1RBJ_1_1AllPass.tex <./structIir_
1_1RBJ_1_1AllPass.pdf>
<structIir_1_1RBJ_1_1AllPass.pdf, id=1648, 501.875pt x 519.17964pt>
File: structIir_1_1RBJ_1_1AllPass.pdf Graphic file (type pdf)
<use structIir_1_1RBJ_1_1AllPass.pdf>
Package pdftex.def Info: structIir_1_1RBJ_1_1AllPass.pdf  used on input line 10
.
(pdftex.def)             Requested size: 82.50713pt x 85.35826pt.
LaTeX Font Info:    Font shape `T1/phv/m/n' will be
(Font)              scaled to size 7.19995pt on input line 23.
 [12]
LaTeX Font Info:    Font shape `T1/phv/m/it' in size <9> not available
(Font)              Font shape `T1/phv/m/sl' tried instead on input line 24.
LaTeX Font Info:    Font shape `T1/phv/m/sl' will be
(Font)              scaled to size 8.09995pt on input line 24.
LaTeX Font Info:    Font shape `T1/pcr/m/it' in size <8> not available
(Font)              Font shape `T1/pcr/m/sl' tried instead on input line 72.
LaTeX Font Info:    Font shape `T1/pcr/m/it' in size <7> not available
(Font)              Font shape `T1/pcr/m/sl' tried instead on input line 72.
 [13])
(./classIir_1_1Butterworth_1_1AnalogLowPass.tex <./classIir_1_1Butterworth_1_1A
nalogLowPass.pdf>
<classIir_1_1Butterworth_1_1AnalogLowPass.pdf, id=1716, 501.875pt x 203.81145pt
>
File: classIir_1_1Butterworth_1_1AnalogLowPass.pdf Graphic file (type pdf)
<use classIir_1_1Butterworth_1_1AnalogLowPass.pdf>
Package pdftex.def Info: classIir_1_1Butterworth_1_1AnalogLowPass.pdf  used on 
input line 10.
(pdftex.def)             Requested size: 140.12582pt x 56.9055pt.
) (./classIir_1_1ChebyshevI_1_1AnalogLowPass.tex <./classIir_1_1ChebyshevI_1_1A
nalogLowPass.pdf>
<classIir_1_1ChebyshevI_1_1AnalogLowPass.pdf, id=1722, 501.875pt x 200.75pt>
File: classIir_1_1ChebyshevI_1_1AnalogLowPass.pdf Graphic file (type pdf)
<use classIir_1_1ChebyshevI_1_1AnalogLowPass.pdf>
Package pdftex.def Info: classIir_1_1ChebyshevI_1_1AnalogLowPass.pdf  used on i
nput line 10.
(pdftex.def)             Requested size: 142.26239pt x 56.9055pt.
)
(./classIir_1_1ChebyshevII_1_1AnalogLowPass.tex <./classIir_1_1ChebyshevII_1_1A
nalogLowPass.pdf>
<classIir_1_1ChebyshevII_1_1AnalogLowPass.pdf, id=1728, 501.875pt x 197.7789pt>

File: classIir_1_1ChebyshevII_1_1AnalogLowPass.pdf Graphic file (type pdf)
<use classIir_1_1ChebyshevII_1_1AnalogLowPass.pdf>
Package pdftex.def Info: classIir_1_1ChebyshevII_1_1AnalogLowPass.pdf  used on 
input line 10.
(pdftex.def)             Requested size: 144.39897pt x 56.9055pt.
 [14]) (./classIir_1_1Butterworth_1_1AnalogLowShelf.tex <./classIir_1_1Butterwo
rth_1_1AnalogLowShelf.pdf>
<classIir_1_1Butterworth_1_1AnalogLowShelf.pdf, id=1742, 501.875pt x 201.76378p
t>
File: classIir_1_1Butterworth_1_1AnalogLowShelf.pdf Graphic file (type pdf)
<use classIir_1_1Butterworth_1_1AnalogLowShelf.pdf>
Package pdftex.def Info: classIir_1_1Butterworth_1_1AnalogLowShelf.pdf  used on
 input line 10.
(pdftex.def)             Requested size: 141.54254pt x 56.9055pt.
)
(./classIir_1_1ChebyshevI_1_1AnalogLowShelf.tex <./classIir_1_1ChebyshevI_1_1An
alogLowShelf.pdf>
<classIir_1_1ChebyshevI_1_1AnalogLowShelf.pdf, id=1748, 501.875pt x 198.76257pt
>
File: classIir_1_1ChebyshevI_1_1AnalogLowShelf.pdf Graphic file (type pdf)
<use classIir_1_1ChebyshevI_1_1AnalogLowShelf.pdf>
Package pdftex.def Info: classIir_1_1ChebyshevI_1_1AnalogLowShelf.pdf  used on 
input line 10.
(pdftex.def)             Requested size: 143.67912pt x 56.9055pt.
) (./classIir_1_1ChebyshevII_1_1AnalogLowShelf.tex <./classIir_1_1ChebyshevII_1
_1AnalogLowShelf.pdf>
<classIir_1_1ChebyshevII_1_1AnalogLowShelf.pdf, id=1754, 501.875pt x 195.8517pt
>
File: classIir_1_1ChebyshevII_1_1AnalogLowShelf.pdf Graphic file (type pdf)
<use classIir_1_1ChebyshevII_1_1AnalogLowShelf.pdf>
Package pdftex.def Info: classIir_1_1ChebyshevII_1_1AnalogLowShelf.pdf  used on
 input line 10.
(pdftex.def)             Requested size: 145.82336pt x 56.9055pt.
 [15])
(./structIir_1_1Butterworth_1_1BandPass.tex <./structIir_1_1Butterworth_1_1Band
Pass.pdf>
<structIir_1_1Butterworth_1_1BandPass.pdf, id=1768, 501.875pt x 89.35382pt>
File: structIir_1_1Butterworth_1_1BandPass.pdf Graphic file (type pdf)
<use structIir_1_1Butterworth_1_1BandPass.pdf>
Package pdftex.def Info: structIir_1_1Butterworth_1_1BandPass.pdf  used on inpu
t line 10.
(pdftex.def)             Requested size: 398.34544pt x 70.92088pt.
LaTeX Font Info:    Font shape `T1/phv/b/n' will be
(Font)              scaled to size 7.19995pt on input line 53.
 [16]) (./structIir_1_1ChebyshevI_1_1BandPass.tex [17] <./structIir_1_1Chebyshe
vI_1_1BandPass.pdf>
<structIir_1_1ChebyshevI_1_1BandPass.pdf, id=1826, 501.875pt x 89.35382pt>
File: structIir_1_1ChebyshevI_1_1BandPass.pdf Graphic file (type pdf)
<use structIir_1_1ChebyshevI_1_1BandPass.pdf>
Package pdftex.def Info: structIir_1_1ChebyshevI_1_1BandPass.pdf  used on input
 line 10.
(pdftex.def)             Requested size: 398.34544pt x 70.92088pt.
 [18]
Overfull \vbox (7.09712pt too high) has occurred while \output is active []


[19]) (./structIir_1_1ChebyshevII_1_1BandPass.tex <./structIir_1_1ChebyshevII_1
_1BandPass.pdf>
<structIir_1_1ChebyshevII_1_1BandPass.pdf, id=1880, 501.875pt x 89.35382pt>
File: structIir_1_1ChebyshevII_1_1BandPass.pdf Graphic file (type pdf)
<use structIir_1_1ChebyshevII_1_1BandPass.pdf>
Package pdftex.def Info: structIir_1_1ChebyshevII_1_1BandPass.pdf  used on inpu
t line 10.
(pdftex.def)             Requested size: 398.34544pt x 70.92088pt.
 [20] [21]) (./structIir_1_1RBJ_1_1BandPass1.tex <./structIir_1_1RBJ_1_1BandPas
s1.pdf>
<structIir_1_1RBJ_1_1BandPass1.pdf, id=1934, 501.875pt x 466.8642pt>
File: structIir_1_1RBJ_1_1BandPass1.pdf Graphic file (type pdf)
<use structIir_1_1RBJ_1_1BandPass1.pdf>
Package pdftex.def Info: structIir_1_1RBJ_1_1BandPass1.pdf  used on input line 
10.
(pdftex.def)             Requested size: 91.75798pt x 85.35826pt.
 [22]) (./structIir_1_1RBJ_1_1BandPass2.tex <./structIir_1_1RBJ_1_1BandPass2.pd
f>
<structIir_1_1RBJ_1_1BandPass2.pdf, id=1972, 501.875pt x 466.8642pt>
File: structIir_1_1RBJ_1_1BandPass2.pdf Graphic file (type pdf)
<use structIir_1_1RBJ_1_1BandPass2.pdf>
Package pdftex.def Info: structIir_1_1RBJ_1_1BandPass2.pdf  used on input line 
10.
(pdftex.def)             Requested size: 91.75798pt x 85.35826pt.
 [23] [24])
(./structIir_1_1Butterworth_1_1BandPassBase.tex <./structIir_1_1Butterworth_1_1
BandPassBase.pdf>
<structIir_1_1Butterworth_1_1BandPassBase.pdf, id=2022, 501.875pt x 344.63757pt
>
File: structIir_1_1Butterworth_1_1BandPassBase.pdf Graphic file (type pdf)
<use structIir_1_1Butterworth_1_1BandPassBase.pdf>
Package pdftex.def Info: structIir_1_1Butterworth_1_1BandPassBase.pdf  used on 
input line 6.
(pdftex.def)             Requested size: 165.73413pt x 113.81102pt.
) (./structIir_1_1ChebyshevI_1_1BandPassBase.tex <./structIir_1_1ChebyshevI_1_1
BandPassBase.pdf>
<structIir_1_1ChebyshevI_1_1BandPassBase.pdf, id=2035, 501.875pt x 344.63757pt>

File: structIir_1_1ChebyshevI_1_1BandPassBase.pdf Graphic file (type pdf)
<use structIir_1_1ChebyshevI_1_1BandPassBase.pdf>
Package pdftex.def Info: structIir_1_1ChebyshevI_1_1BandPassBase.pdf  used on i
nput line 6.
(pdftex.def)             Requested size: 165.73413pt x 113.81102pt.
 [25])
(./structIir_1_1ChebyshevII_1_1BandPassBase.tex <./structIir_1_1ChebyshevII_1_1
BandPassBase.pdf>
<structIir_1_1ChebyshevII_1_1BandPassBase.pdf, id=2064, 501.875pt x 344.63757pt
>
File: structIir_1_1ChebyshevII_1_1BandPassBase.pdf Graphic file (type pdf)
<use structIir_1_1ChebyshevII_1_1BandPassBase.pdf>
Package pdftex.def Info: structIir_1_1ChebyshevII_1_1BandPassBase.pdf  used on 
input line 6.
(pdftex.def)             Requested size: 165.73413pt x 113.81102pt.
) (./classIir_1_1BandPassTransform.tex)
(./structIir_1_1Butterworth_1_1BandShelf.tex <./structIir_1_1Butterworth_1_1Ban
dShelf.pdf>
<structIir_1_1Butterworth_1_1BandShelf.pdf, id=2077, 501.875pt x 89.35382pt>
File: structIir_1_1Butterworth_1_1BandShelf.pdf Graphic file (type pdf)
<use structIir_1_1Butterworth_1_1BandShelf.pdf>
Package pdftex.def Info: structIir_1_1Butterworth_1_1BandShelf.pdf  used on inp
ut line 10.
(pdftex.def)             Requested size: 398.34544pt x 70.92088pt.
 [26] [27]) (./structIir_1_1ChebyshevI_1_1BandShelf.tex <./structIir_1_1Chebysh
evI_1_1BandShelf.pdf>
<structIir_1_1ChebyshevI_1_1BandShelf.pdf, id=2128, 501.875pt x 89.35382pt>
File: structIir_1_1ChebyshevI_1_1BandShelf.pdf Graphic file (type pdf)
<use structIir_1_1ChebyshevI_1_1BandShelf.pdf>
Package pdftex.def Info: structIir_1_1ChebyshevI_1_1BandShelf.pdf  used on inpu
t line 10.
(pdftex.def)             Requested size: 398.34544pt x 70.92088pt.
 [28] [29] [30])
(./structIir_1_1ChebyshevII_1_1BandShelf.tex <./structIir_1_1ChebyshevII_1_1Ban
dShelf.pdf>
<structIir_1_1ChebyshevII_1_1BandShelf.pdf, id=2189, 501.875pt x 89.35382pt>
File: structIir_1_1ChebyshevII_1_1BandShelf.pdf Graphic file (type pdf)
<use structIir_1_1ChebyshevII_1_1BandShelf.pdf>
Package pdftex.def Info: structIir_1_1ChebyshevII_1_1BandShelf.pdf  used on inp
ut line 10.
(pdftex.def)             Requested size: 398.34544pt x 70.92088pt.
 [31] [32]) (./structIir_1_1RBJ_1_1BandShelf.tex <./structIir_1_1RBJ_1_1BandShe
lf.pdf>
<structIir_1_1RBJ_1_1BandShelf.pdf, id=2241, 501.875pt x 485.68451pt>
File: structIir_1_1RBJ_1_1BandShelf.pdf Graphic file (type pdf)
<use structIir_1_1RBJ_1_1BandShelf.pdf>
Package pdftex.def Info: structIir_1_1RBJ_1_1BandShelf.pdf  used on input line 
10.
(pdftex.def)             Requested size: 88.19702pt x 85.35826pt.
 [33]) (./structIir_1_1Butterworth_1_1BandShelfBase.tex <./structIir_1_1Butterw
orth_1_1BandShelfBase.pdf>
<structIir_1_1Butterworth_1_1BandShelfBase.pdf, id=2281, 501.875pt x 341.7066pt
>
File: structIir_1_1Butterworth_1_1BandShelfBase.pdf Graphic file (type pdf)
<use structIir_1_1Butterworth_1_1BandShelfBase.pdf>
Package pdftex.def Info: structIir_1_1Butterworth_1_1BandShelfBase.pdf  used on
 input line 6.
(pdftex.def)             Requested size: 167.15851pt x 113.81102pt.
 [34])
(./structIir_1_1ChebyshevI_1_1BandShelfBase.tex <./structIir_1_1ChebyshevI_1_1B
andShelfBase.pdf>
<structIir_1_1ChebyshevI_1_1BandShelfBase.pdf, id=2302, 501.875pt x 341.7066pt>

File: structIir_1_1ChebyshevI_1_1BandShelfBase.pdf Graphic file (type pdf)
<use structIir_1_1ChebyshevI_1_1BandShelfBase.pdf>
Package pdftex.def Info: structIir_1_1ChebyshevI_1_1BandShelfBase.pdf  used on 
input line 6.
(pdftex.def)             Requested size: 167.15851pt x 113.81102pt.
) (./structIir_1_1ChebyshevII_1_1BandShelfBase.tex <./structIir_1_1ChebyshevII_
1_1BandShelfBase.pdf>
<structIir_1_1ChebyshevII_1_1BandShelfBase.pdf, id=2316, 501.875pt x 341.7066pt
>
File: structIir_1_1ChebyshevII_1_1BandShelfBase.pdf Graphic file (type pdf)
<use structIir_1_1ChebyshevII_1_1BandShelfBase.pdf>
Package pdftex.def Info: structIir_1_1ChebyshevII_1_1BandShelfBase.pdf  used on
 input line 6.
(pdftex.def)             Requested size: 167.15851pt x 113.81102pt.
 [35])
(./structIir_1_1Butterworth_1_1BandStop.tex <./structIir_1_1Butterworth_1_1Band
Stop.pdf>
<structIir_1_1Butterworth_1_1BandStop.pdf, id=2339, 501.875pt x 89.35382pt>
File: structIir_1_1Butterworth_1_1BandStop.pdf Graphic file (type pdf)
<use structIir_1_1Butterworth_1_1BandStop.pdf>
Package pdftex.def Info: structIir_1_1Butterworth_1_1BandStop.pdf  used on inpu
t line 10.
(pdftex.def)             Requested size: 398.34544pt x 70.92088pt.
 [36] [37]) (./structIir_1_1ChebyshevI_1_1BandStop.tex <./structIir_1_1Chebyshe
vI_1_1BandStop.pdf>
<structIir_1_1ChebyshevI_1_1BandStop.pdf, id=2392, 501.875pt x 89.35382pt>
File: structIir_1_1ChebyshevI_1_1BandStop.pdf Graphic file (type pdf)
<use structIir_1_1ChebyshevI_1_1BandStop.pdf>
Package pdftex.def Info: structIir_1_1ChebyshevI_1_1BandStop.pdf  used on input
 line 10.
(pdftex.def)             Requested size: 398.34544pt x 70.92088pt.
 [38] [39])
(./structIir_1_1ChebyshevII_1_1BandStop.tex <./structIir_1_1ChebyshevII_1_1Band
Stop.pdf>
<structIir_1_1ChebyshevII_1_1BandStop.pdf, id=2445, 501.875pt x 89.35382pt>
File: structIir_1_1ChebyshevII_1_1BandStop.pdf Graphic file (type pdf)
<use structIir_1_1ChebyshevII_1_1BandStop.pdf>
Package pdftex.def Info: structIir_1_1ChebyshevII_1_1BandStop.pdf  used on inpu
t line 10.
(pdftex.def)             Requested size: 398.34544pt x 70.92088pt.
 [40] [41]) (./structIir_1_1RBJ_1_1BandStop.tex <./structIir_1_1RBJ_1_1BandStop
.pdf>
<structIir_1_1RBJ_1_1BandStop.pdf, id=2496, 501.875pt x 501.875pt>
File: structIir_1_1RBJ_1_1BandStop.pdf Graphic file (type pdf)
<use structIir_1_1RBJ_1_1BandStop.pdf>
Package pdftex.def Info: structIir_1_1RBJ_1_1BandStop.pdf  used on input line 1
0.
(pdftex.def)             Requested size: 85.3559pt x 85.35826pt.
 [42] [43]) (./structIir_1_1Butterworth_1_1BandStopBase.tex <./structIir_1_1But
terworth_1_1BandStopBase.pdf>
<structIir_1_1Butterworth_1_1BandStopBase.pdf, id=2547, 501.875pt x 344.63757pt
>
File: structIir_1_1Butterworth_1_1BandStopBase.pdf Graphic file (type pdf)
<use structIir_1_1Butterworth_1_1BandStopBase.pdf>
Package pdftex.def Info: structIir_1_1Butterworth_1_1BandStopBase.pdf  used on 
input line 6.
(pdftex.def)             Requested size: 165.73413pt x 113.81102pt.
)
(./structIir_1_1ChebyshevI_1_1BandStopBase.tex <./structIir_1_1ChebyshevI_1_1Ba
ndStopBase.pdf>
<structIir_1_1ChebyshevI_1_1BandStopBase.pdf, id=2560, 501.875pt x 344.63757pt>

File: structIir_1_1ChebyshevI_1_1BandStopBase.pdf Graphic file (type pdf)
<use structIir_1_1ChebyshevI_1_1BandStopBase.pdf>
Package pdftex.def Info: structIir_1_1ChebyshevI_1_1BandStopBase.pdf  used on i
nput line 6.
(pdftex.def)             Requested size: 165.73413pt x 113.81102pt.
 [44]) (./structIir_1_1ChebyshevII_1_1BandStopBase.tex <./structIir_1_1Chebyshe
vII_1_1BandStopBase.pdf>
<structIir_1_1ChebyshevII_1_1BandStopBase.pdf, id=2584, 501.875pt x 344.63757pt
>
File: structIir_1_1ChebyshevII_1_1BandStopBase.pdf Graphic file (type pdf)
<use structIir_1_1ChebyshevII_1_1BandStopBase.pdf>
Package pdftex.def Info: structIir_1_1ChebyshevII_1_1BandStopBase.pdf  used on 
input line 6.
(pdftex.def)             Requested size: 165.73413pt x 113.81102pt.
) (./classIir_1_1BandStopTransform.tex)
(./classIir_1_1Biquad.tex <./classIir_1_1Biquad.pdf>
<classIir_1_1Biquad.pdf, id=2597, 501.875pt x 452.82175pt>
File: classIir_1_1Biquad.pdf Graphic file (type pdf)
<use classIir_1_1Biquad.pdf>
Package pdftex.def Info: classIir_1_1Biquad.pdf  used on input line 6.
(pdftex.def)             Requested size: 378.41937pt x 341.43306pt.
 [45] [46]
Underfull \hbox (badness 10000) detected at line 70
[][][]
 []

[47] [48]) (./structIir_1_1BiquadPoleState.tex <./structIir_1_1BiquadPoleState.
pdf>
<structIir_1_1BiquadPoleState.pdf, id=2667, 501.875pt x 313.67188pt>
File: structIir_1_1BiquadPoleState.pdf Graphic file (type pdf)
<use structIir_1_1BiquadPoleState.pdf>
Package pdftex.def Info: structIir_1_1BiquadPoleState.pdf  used on input line 1
0.
(pdftex.def)             Requested size: 91.04579pt x 56.9055pt.
) (./classIir_1_1Cascade.tex <./classIir_1_1Cascade.pdf>
<classIir_1_1Cascade.pdf, id=2673, 501.875pt x 317.64671pt>
File: classIir_1_1Cascade.pdf Graphic file (type pdf)
<use classIir_1_1Cascade.pdf>
Package pdftex.def Info: classIir_1_1Cascade.pdf  used on input line 10.
(pdftex.def)             Requested size: 398.33778pt x 252.11313pt.
 [49])
(./classIir_1_1CascadeStages.tex <./classIir_1_1CascadeStages.pdf>
<classIir_1_1CascadeStages.pdf, id=2696, 501.875pt x 227.08841pt>
File: classIir_1_1CascadeStages.pdf Graphic file (type pdf)
<use classIir_1_1CascadeStages.pdf>
Package pdftex.def Info: classIir_1_1CascadeStages.pdf  used on input line 10.
(pdftex.def)             Requested size: 398.36076pt x 180.24362pt.
 [50]
Underfull \hbox (badness 10000) detected at line 45
[][][]
 []


Underfull \hbox (badness 10000) in paragraph at lines 52--54
\T1/pcr/m/n/8 const [] []$\OML/cmm/m/it/8 <$ \T1/pcr/m/n/8 Max[]Stages, State[]
Type $\OML/cmm/m/it/8 >$[]\T1/pcr/m/n/8 ::get[]Cascade[]Storage ( )
 []

[51]) (./structIir_1_1ComplexPair.tex <./structIir_1_1ComplexPair.pdf>
<structIir_1_1ComplexPair.pdf, id=2736, 501.875pt x 371.75888pt>
File: structIir_1_1ComplexPair.pdf Graphic file (type pdf)
<use structIir_1_1ComplexPair.pdf>
Package pdftex.def Info: structIir_1_1ComplexPair.pdf  used on input line 10.
(pdftex.def)             Requested size: 76.81725pt x 56.9055pt.
)
(./classIir_1_1DirectFormI.tex
Underfull \hbox (badness 10000) in paragraph at lines 16--17

 []

[52]) (./classIir_1_1DirectFormII.tex)
(./structIir_1_1Butterworth_1_1HighPass.tex <./structIir_1_1Butterworth_1_1High
Pass.pdf>
<structIir_1_1Butterworth_1_1HighPass.pdf, id=2753, 501.875pt x 89.35382pt>
File: structIir_1_1Butterworth_1_1HighPass.pdf Graphic file (type pdf)
<use structIir_1_1Butterworth_1_1HighPass.pdf>
Package pdftex.def Info: structIir_1_1Butterworth_1_1HighPass.pdf  used on inpu
t line 10.
(pdftex.def)             Requested size: 398.34544pt x 70.92088pt.
 [53] [54]) (./structIir_1_1ChebyshevI_1_1HighPass.tex <./structIir_1_1Chebyshe
vI_1_1HighPass.pdf>
<structIir_1_1ChebyshevI_1_1HighPass.pdf, id=2806, 501.875pt x 89.35382pt>
File: structIir_1_1ChebyshevI_1_1HighPass.pdf Graphic file (type pdf)
<use structIir_1_1ChebyshevI_1_1HighPass.pdf>
Package pdftex.def Info: structIir_1_1ChebyshevI_1_1HighPass.pdf  used on input
 line 10.
(pdftex.def)             Requested size: 398.34544pt x 70.92088pt.

Overfull \vbox (2.11687pt too high) has occurred while \output is active []


[55]) (./structIir_1_1ChebyshevII_1_1HighPass.tex <./structIir_1_1ChebyshevII_1
_1HighPass.pdf>
<structIir_1_1ChebyshevII_1_1HighPass.pdf, id=2849, 501.875pt x 89.35382pt>
File: structIir_1_1ChebyshevII_1_1HighPass.pdf Graphic file (type pdf)
<use structIir_1_1ChebyshevII_1_1HighPass.pdf>
Package pdftex.def Info: structIir_1_1ChebyshevII_1_1HighPass.pdf  used on inpu
t line 10.
(pdftex.def)             Requested size: 398.34544pt x 70.92088pt.
 [56] [57]) (./structIir_1_1RBJ_1_1HighPass.tex <./structIir_1_1RBJ_1_1HighPass
.pdf>
<structIir_1_1RBJ_1_1HighPass.pdf, id=2902, 501.875pt x 506.09076pt>
File: structIir_1_1RBJ_1_1HighPass.pdf Graphic file (type pdf)
<use structIir_1_1RBJ_1_1HighPass.pdf>
Package pdftex.def Info: structIir_1_1RBJ_1_1HighPass.pdf  used on input line 1
0.
(pdftex.def)             Requested size: 84.6437pt x 85.35826pt.
 [58] [59]) (./structIir_1_1Butterworth_1_1HighPassBase.tex <./structIir_1_1But
terworth_1_1HighPassBase.pdf>
<structIir_1_1Butterworth_1_1HighPassBase.pdf, id=2951, 501.875pt x 344.63757pt
>
File: structIir_1_1Butterworth_1_1HighPassBase.pdf Graphic file (type pdf)
<use structIir_1_1Butterworth_1_1HighPassBase.pdf>
Package pdftex.def Info: structIir_1_1Butterworth_1_1HighPassBase.pdf  used on 
input line 6.
(pdftex.def)             Requested size: 165.73413pt x 113.81102pt.
)
(./structIir_1_1ChebyshevI_1_1HighPassBase.tex <./structIir_1_1ChebyshevI_1_1Hi
ghPassBase.pdf>
<structIir_1_1ChebyshevI_1_1HighPassBase.pdf, id=2964, 501.875pt x 344.63757pt>

File: structIir_1_1ChebyshevI_1_1HighPassBase.pdf Graphic file (type pdf)
<use structIir_1_1ChebyshevI_1_1HighPassBase.pdf>
Package pdftex.def Info: structIir_1_1ChebyshevI_1_1HighPassBase.pdf  used on i
nput line 6.
(pdftex.def)             Requested size: 165.73413pt x 113.81102pt.
 [60]) (./structIir_1_1ChebyshevII_1_1HighPassBase.tex <./structIir_1_1Chebyshe
vII_1_1HighPassBase.pdf>
<structIir_1_1ChebyshevII_1_1HighPassBase.pdf, id=2987, 501.875pt x 344.63757pt
>
File: structIir_1_1ChebyshevII_1_1HighPassBase.pdf Graphic file (type pdf)
<use structIir_1_1ChebyshevII_1_1HighPassBase.pdf>
Package pdftex.def Info: structIir_1_1ChebyshevII_1_1HighPassBase.pdf  used on 
input line 6.
(pdftex.def)             Requested size: 165.73413pt x 113.81102pt.
) (./classIir_1_1HighPassTransform.tex
[61]) (./structIir_1_1Butterworth_1_1HighShelf.tex <./structIir_1_1Butterworth_
1_1HighShelf.pdf>
<structIir_1_1Butterworth_1_1HighShelf.pdf, id=3012, 501.875pt x 89.35382pt>
File: structIir_1_1Butterworth_1_1HighShelf.pdf Graphic file (type pdf)
<use structIir_1_1Butterworth_1_1HighShelf.pdf>
Package pdftex.def Info: structIir_1_1Butterworth_1_1HighShelf.pdf  used on inp
ut line 10.
(pdftex.def)             Requested size: 398.34544pt x 70.92088pt.
 [62]) (./structIir_1_1ChebyshevI_1_1HighShelf.tex [63] <./structIir_1_1Chebysh
evI_1_1HighShelf.pdf>
<structIir_1_1ChebyshevI_1_1HighShelf.pdf, id=3064, 501.875pt x 89.35382pt>
File: structIir_1_1ChebyshevI_1_1HighShelf.pdf Graphic file (type pdf)
<use structIir_1_1ChebyshevI_1_1HighShelf.pdf>
Package pdftex.def Info: structIir_1_1ChebyshevI_1_1HighShelf.pdf  used on inpu
t line 10.
(pdftex.def)             Requested size: 398.34544pt x 70.92088pt.
 [64])
(./structIir_1_1ChebyshevII_1_1HighShelf.tex [65] <./structIir_1_1ChebyshevII_1
_1HighShelf.pdf>
<structIir_1_1ChebyshevII_1_1HighShelf.pdf, id=3117, 501.875pt x 89.35382pt>
File: structIir_1_1ChebyshevII_1_1HighShelf.pdf Graphic file (type pdf)
<use structIir_1_1ChebyshevII_1_1HighShelf.pdf>
Package pdftex.def Info: structIir_1_1ChebyshevII_1_1HighShelf.pdf  used on inp
ut line 10.
(pdftex.def)             Requested size: 398.34544pt x 70.92088pt.
 [66]) (./structIir_1_1RBJ_1_1HighShelf.tex [67] <./structIir_1_1RBJ_1_1HighShe
lf.pdf>
<structIir_1_1RBJ_1_1HighShelf.pdf, id=3170, 501.875pt x 497.7295pt>
File: structIir_1_1RBJ_1_1HighShelf.pdf Graphic file (type pdf)
<use structIir_1_1RBJ_1_1HighShelf.pdf>
Package pdftex.def Info: structIir_1_1RBJ_1_1HighShelf.pdf  used on input line 
10.
(pdftex.def)             Requested size: 86.0681pt x 85.35826pt.
 [68]) (./structIir_1_1Butterworth_1_1HighShelfBase.tex <./structIir_1_1Butterw
orth_1_1HighShelfBase.pdf>
<structIir_1_1Butterworth_1_1HighShelfBase.pdf, id=3208, 501.875pt x 341.7066pt
>
File: structIir_1_1Butterworth_1_1HighShelfBase.pdf Graphic file (type pdf)
<use structIir_1_1Butterworth_1_1HighShelfBase.pdf>
Package pdftex.def Info: structIir_1_1Butterworth_1_1HighShelfBase.pdf  used on
 input line 6.
(pdftex.def)             Requested size: 167.15851pt x 113.81102pt.
 [69])
(./structIir_1_1ChebyshevI_1_1HighShelfBase.tex <./structIir_1_1ChebyshevI_1_1H
ighShelfBase.pdf>
<structIir_1_1ChebyshevI_1_1HighShelfBase.pdf, id=3233, 501.875pt x 341.7066pt>

File: structIir_1_1ChebyshevI_1_1HighShelfBase.pdf Graphic file (type pdf)
<use structIir_1_1ChebyshevI_1_1HighShelfBase.pdf>
Package pdftex.def Info: structIir_1_1ChebyshevI_1_1HighShelfBase.pdf  used on 
input line 6.
(pdftex.def)             Requested size: 167.15851pt x 113.81102pt.
) (./structIir_1_1ChebyshevII_1_1HighShelfBase.tex <./structIir_1_1ChebyshevII_
1_1HighShelfBase.pdf>
<structIir_1_1ChebyshevII_1_1HighShelfBase.pdf, id=3246, 501.875pt x 341.7066pt
>
File: structIir_1_1ChebyshevII_1_1HighShelfBase.pdf Graphic file (type pdf)
<use structIir_1_1ChebyshevII_1_1HighShelfBase.pdf>
Package pdftex.def Info: structIir_1_1ChebyshevII_1_1HighShelfBase.pdf  used on
 input line 6.
(pdftex.def)             Requested size: 167.15851pt x 113.81102pt.
 [70])
(./structIir_1_1RBJ_1_1IIRNotch.tex <./structIir_1_1RBJ_1_1IIRNotch.pdf>
<structIir_1_1RBJ_1_1IIRNotch.pdf, id=3269, 501.875pt x 519.17964pt>
File: structIir_1_1RBJ_1_1IIRNotch.pdf Graphic file (type pdf)
<use structIir_1_1RBJ_1_1IIRNotch.pdf>
Package pdftex.def Info: structIir_1_1RBJ_1_1IIRNotch.pdf  used on input line 1
0.
(pdftex.def)             Requested size: 82.50713pt x 85.35826pt.

[71]) (./classIir_1_1Layout.tex) (./classIir_1_1LayoutBase.tex <./classIir_1_1L
ayoutBase.pdf>
<classIir_1_1LayoutBase.pdf, id=3308, 501.875pt x 32.64195pt>
File: classIir_1_1LayoutBase.pdf Graphic file (type pdf)
<use classIir_1_1LayoutBase.pdf>
Package pdftex.def Info: classIir_1_1LayoutBase.pdf  used on input line 10.
(pdftex.def)             Requested size: 398.3531pt x 25.90817pt.
 [72]) (./structIir_1_1Butterworth_1_1LowPass.tex <./structIir_1_1Butterworth_1
_1LowPass.pdf>
<structIir_1_1Butterworth_1_1LowPass.pdf, id=3324, 501.875pt x 89.35382pt>
File: structIir_1_1Butterworth_1_1LowPass.pdf Graphic file (type pdf)
<use structIir_1_1Butterworth_1_1LowPass.pdf>
Package pdftex.def Info: structIir_1_1Butterworth_1_1LowPass.pdf  used on input
 line 10.
(pdftex.def)             Requested size: 398.34544pt x 70.92088pt.
 [73]) (./structIir_1_1ChebyshevI_1_1LowPass.tex <./structIir_1_1ChebyshevI_1_1
LowPass.pdf>
<structIir_1_1ChebyshevI_1_1LowPass.pdf, id=3367, 501.875pt x 89.35382pt>
File: structIir_1_1ChebyshevI_1_1LowPass.pdf Graphic file (type pdf)
<use structIir_1_1ChebyshevI_1_1LowPass.pdf>
Package pdftex.def Info: structIir_1_1ChebyshevI_1_1LowPass.pdf  used on input 
line 10.
(pdftex.def)             Requested size: 398.34544pt x 70.92088pt.
 [74] [75])
(./structIir_1_1ChebyshevII_1_1LowPass.tex <./structIir_1_1ChebyshevII_1_1LowPa
ss.pdf>
<structIir_1_1ChebyshevII_1_1LowPass.pdf, id=3421, 501.875pt x 89.35382pt>
File: structIir_1_1ChebyshevII_1_1LowPass.pdf Graphic file (type pdf)
<use structIir_1_1ChebyshevII_1_1LowPass.pdf>
Package pdftex.def Info: structIir_1_1ChebyshevII_1_1LowPass.pdf  used on input
 line 10.
(pdftex.def)             Requested size: 398.34544pt x 70.92088pt.
 [76] [77]) (./structIir_1_1RBJ_1_1LowPass.tex <./structIir_1_1RBJ_1_1LowPass.p
df>
<structIir_1_1RBJ_1_1LowPass.pdf, id=3474, 501.875pt x 519.17964pt>
File: structIir_1_1RBJ_1_1LowPass.pdf Graphic file (type pdf)
<use structIir_1_1RBJ_1_1LowPass.pdf>
Package pdftex.def Info: structIir_1_1RBJ_1_1LowPass.pdf  used on input line 10
.
(pdftex.def)             Requested size: 82.50713pt x 85.35826pt.
 [78] [79]) (./structIir_1_1Butterworth_1_1LowPassBase.tex <./structIir_1_1Butt
erworth_1_1LowPassBase.pdf>
<structIir_1_1Butterworth_1_1LowPassBase.pdf, id=3523, 501.875pt x 344.63757pt>

File: structIir_1_1Butterworth_1_1LowPassBase.pdf Graphic file (type pdf)
<use structIir_1_1Butterworth_1_1LowPassBase.pdf>
Package pdftex.def Info: structIir_1_1Butterworth_1_1LowPassBase.pdf  used on i
nput line 6.
(pdftex.def)             Requested size: 165.73413pt x 113.81102pt.
)
(./structIir_1_1ChebyshevI_1_1LowPassBase.tex <./structIir_1_1ChebyshevI_1_1Low
PassBase.pdf>
<structIir_1_1ChebyshevI_1_1LowPassBase.pdf, id=3536, 501.875pt x 344.63757pt>
File: structIir_1_1ChebyshevI_1_1LowPassBase.pdf Graphic file (type pdf)
<use structIir_1_1ChebyshevI_1_1LowPassBase.pdf>
Package pdftex.def Info: structIir_1_1ChebyshevI_1_1LowPassBase.pdf  used on in
put line 6.
(pdftex.def)             Requested size: 165.73413pt x 113.81102pt.
 [80]) (./structIir_1_1ChebyshevII_1_1LowPassBase.tex <./structIir_1_1Chebyshev
II_1_1LowPassBase.pdf>
<structIir_1_1ChebyshevII_1_1LowPassBase.pdf, id=3560, 501.875pt x 344.63757pt>

File: structIir_1_1ChebyshevII_1_1LowPassBase.pdf Graphic file (type pdf)
<use structIir_1_1ChebyshevII_1_1LowPassBase.pdf>
Package pdftex.def Info: structIir_1_1ChebyshevII_1_1LowPassBase.pdf  used on i
nput line 6.
(pdftex.def)             Requested size: 165.73413pt x 113.81102pt.
) (./classIir_1_1LowPassTransform.tex
[81]) (./structIir_1_1Butterworth_1_1LowShelf.tex <./structIir_1_1Butterworth_1
_1LowShelf.pdf>
<structIir_1_1Butterworth_1_1LowShelf.pdf, id=3583, 501.875pt x 89.35382pt>
File: structIir_1_1Butterworth_1_1LowShelf.pdf Graphic file (type pdf)
<use structIir_1_1Butterworth_1_1LowShelf.pdf>
Package pdftex.def Info: structIir_1_1Butterworth_1_1LowShelf.pdf  used on inpu
t line 10.
(pdftex.def)             Requested size: 398.34544pt x 70.92088pt.
 [82]
Overfull \vbox (4.04558pt too high) has occurred while \output is active []


[83]) (./structIir_1_1ChebyshevI_1_1LowShelf.tex <./structIir_1_1ChebyshevI_1_1
LowShelf.pdf>
<structIir_1_1ChebyshevI_1_1LowShelf.pdf, id=3636, 501.875pt x 89.35382pt>
File: structIir_1_1ChebyshevI_1_1LowShelf.pdf Graphic file (type pdf)
<use structIir_1_1ChebyshevI_1_1LowShelf.pdf>
Package pdftex.def Info: structIir_1_1ChebyshevI_1_1LowShelf.pdf  used on input
 line 10.
(pdftex.def)             Requested size: 398.34544pt x 70.92088pt.
 [84] [85]) (./structIir_1_1ChebyshevII_1_1LowShelf.tex <./structIir_1_1Chebysh
evII_1_1LowShelf.pdf>
<structIir_1_1ChebyshevII_1_1LowShelf.pdf, id=3689, 501.875pt x 89.35382pt>
File: structIir_1_1ChebyshevII_1_1LowShelf.pdf Graphic file (type pdf)
<use structIir_1_1ChebyshevII_1_1LowShelf.pdf>
Package pdftex.def Info: structIir_1_1ChebyshevII_1_1LowShelf.pdf  used on inpu
t line 10.
(pdftex.def)             Requested size: 398.34544pt x 70.92088pt.
 [86] [87])
(./structIir_1_1RBJ_1_1LowShelf.tex <./structIir_1_1RBJ_1_1LowShelf.pdf>
<structIir_1_1RBJ_1_1LowShelf.pdf, id=3740, 501.875pt x 510.37677pt>
File: structIir_1_1RBJ_1_1LowShelf.pdf Graphic file (type pdf)
<use structIir_1_1RBJ_1_1LowShelf.pdf>
Package pdftex.def Info: structIir_1_1RBJ_1_1LowShelf.pdf  used on input line 1
0.
(pdftex.def)             Requested size: 83.93152pt x 85.35826pt.

[88]) (./structIir_1_1Butterworth_1_1LowShelfBase.tex <./structIir_1_1Butterwor
th_1_1LowShelfBase.pdf>
<structIir_1_1Butterworth_1_1LowShelfBase.pdf, id=3780, 501.875pt x 341.7066pt>

File: structIir_1_1Butterworth_1_1LowShelfBase.pdf Graphic file (type pdf)
<use structIir_1_1Butterworth_1_1LowShelfBase.pdf>
Package pdftex.def Info: structIir_1_1Butterworth_1_1LowShelfBase.pdf  used on 
input line 6.
(pdftex.def)             Requested size: 167.15851pt x 113.81102pt.
 [89]) (./structIir_1_1ChebyshevI_1_1LowShelfBase.tex <./structIir_1_1Chebyshev
I_1_1LowShelfBase.pdf>
<structIir_1_1ChebyshevI_1_1LowShelfBase.pdf, id=3801, 501.875pt x 341.7066pt>
File: structIir_1_1ChebyshevI_1_1LowShelfBase.pdf Graphic file (type pdf)
<use structIir_1_1ChebyshevI_1_1LowShelfBase.pdf>
Package pdftex.def Info: structIir_1_1ChebyshevI_1_1LowShelfBase.pdf  used on i
nput line 6.
(pdftex.def)             Requested size: 167.15851pt x 113.81102pt.
)
(./structIir_1_1ChebyshevII_1_1LowShelfBase.tex <./structIir_1_1ChebyshevII_1_1
LowShelfBase.pdf>
<structIir_1_1ChebyshevII_1_1LowShelfBase.pdf, id=3814, 501.875pt x 341.7066pt>

File: structIir_1_1ChebyshevII_1_1LowShelfBase.pdf Graphic file (type pdf)
<use structIir_1_1ChebyshevII_1_1LowShelfBase.pdf>
Package pdftex.def Info: structIir_1_1ChebyshevII_1_1LowShelfBase.pdf  used on 
input line 6.
(pdftex.def)             Requested size: 167.15851pt x 113.81102pt.
 [90]) (./structIir_1_1Custom_1_1OnePole.tex <./structIir_1_1Custom_1_1OnePole.
pdf>
<structIir_1_1Custom_1_1OnePole.pdf, id=3837, 501.875pt x 301.8778pt>
File: structIir_1_1Custom_1_1OnePole.pdf Graphic file (type pdf)
<use structIir_1_1Custom_1_1OnePole.pdf>
Package pdftex.def Info: structIir_1_1Custom_1_1OnePole.pdf  used on input line
 10.
(pdftex.def)             Requested size: 94.59909pt x 56.9055pt.
 [91] [92]) (./structIir_1_1PoleFilter.tex <./structIir_1_1PoleFilter.pdf>
<structIir_1_1PoleFilter.pdf, id=3877, 501.875pt x 348.21092pt>
File: structIir_1_1PoleFilter.pdf Graphic file (type pdf)
<use structIir_1_1PoleFilter.pdf>
Package pdftex.def Info: structIir_1_1PoleFilter.pdf  used on input line 10.
(pdftex.def)             Requested size: 398.36076pt x 276.37369pt.


Package fancyhdr Warning: \headheight is too small (12.0pt): 
(fancyhdr)                Make it at least 22.16548pt, for example:
(fancyhdr)                \setlength{\headheight}{22.16548pt}.
(fancyhdr)                You might also make \topmargin smaller to compensate:

(fancyhdr)                \addtolength{\topmargin}{-10.16548pt}.

[93]) (./classIir_1_1PoleFilterBase.tex <./classIir_1_1PoleFilterBase.pdf>
<classIir_1_1PoleFilterBase.pdf, id=3898, 501.875pt x 254.10936pt>
File: classIir_1_1PoleFilterBase.pdf Graphic file (type pdf)
<use classIir_1_1PoleFilterBase.pdf>
Package pdftex.def Info: classIir_1_1PoleFilterBase.pdf  used on input line 10.

(pdftex.def)             Requested size: 168.5829pt x 85.35826pt.
)
(./classIir_1_1PoleFilterBase2.tex <./classIir_1_1PoleFilterBase2.pdf>
<classIir_1_1PoleFilterBase2.pdf, id=3911, 501.875pt x 317.64671pt>
File: classIir_1_1PoleFilterBase2.pdf Graphic file (type pdf)
<use classIir_1_1PoleFilterBase2.pdf>
Package pdftex.def Info: classIir_1_1PoleFilterBase2.pdf  used on input line 10
.
(pdftex.def)             Requested size: 398.33778pt x 252.11313pt.
 [94])
(./structIir_1_1PoleZeroPair.tex <./structIir_1_1PoleZeroPair.pdf>
<structIir_1_1PoleZeroPair.pdf, id=3932, 501.875pt x 313.67188pt>
File: structIir_1_1PoleZeroPair.pdf Graphic file (type pdf)
<use structIir_1_1PoleZeroPair.pdf>
Package pdftex.def Info: structIir_1_1PoleZeroPair.pdf  used on input line 10.
(pdftex.def)             Requested size: 91.04579pt x 56.9055pt.
)
(./structIir_1_1RBJ_1_1RBJbase.tex <./structIir_1_1RBJ_1_1RBJbase.pdf>
<structIir_1_1RBJ_1_1RBJbase.pdf, id=3938, 501.875pt x 933.71834pt>
File: structIir_1_1RBJ_1_1RBJbase.pdf Graphic file (type pdf)
<use structIir_1_1RBJ_1_1RBJbase.pdf>
Package pdftex.def Info: structIir_1_1RBJ_1_1RBJbase.pdf  used on input line 10
.
(pdftex.def)             Requested size: 183.52362pt x 341.43306pt.
 [95]
[96]) (./structIir_1_1Custom_1_1SOSCascade.tex <./structIir_1_1Custom_1_1SOSCas
cade.pdf>
<structIir_1_1Custom_1_1SOSCascade.pdf, id=3982, 501.875pt x 141.37819pt>
File: structIir_1_1Custom_1_1SOSCascade.pdf Graphic file (type pdf)
<use structIir_1_1Custom_1_1SOSCascade.pdf>
Package pdftex.def Info: structIir_1_1Custom_1_1SOSCascade.pdf  used on input l
ine 10.
(pdftex.def)             Requested size: 202.01001pt x 56.9055pt.
 [97]) (./structIir_1_1Cascade_1_1Storage.tex)
(./classIir_1_1TransposedDirectFormII.tex)
(./structIir_1_1Custom_1_1TwoPole.tex <./structIir_1_1Custom_1_1TwoPole.pdf>
<structIir_1_1Custom_1_1TwoPole.pdf, id=4021, 501.875pt x 304.16637pt>
File: structIir_1_1Custom_1_1TwoPole.pdf Graphic file (type pdf)
<use structIir_1_1Custom_1_1TwoPole.pdf>
Package pdftex.def Info: structIir_1_1Custom_1_1TwoPole.pdf  used on input line
 10.
(pdftex.def)             Requested size: 93.89456pt x 56.9055pt.

[98]) (./Iir_8h_source.tex [99]) (./Biquad_8h_source.tex [100])
(./Butterworth_8h_source.tex [101] [102] [103] [104]) (./Cascade_8h_source.tex
[105]) (./ChebyshevI_8h_source.tex [106] [107] [108] [109] [110] [111])
(./ChebyshevII_8h_source.tex [112] [113] [114] [115] [116])
(./Common_8h_source.tex) (./Custom_8h_source.tex [117]) (./Layout_8h_source.tex
[118] [119]) (./MathSupplement_8h_source.tex [120]) (./PoleFilter_8h_source.tex
[121] [122]) (./RBJ_8h_source.tex [123]) (./State_8h_source.tex [124] [125])
(./Types_8h_source.tex [126]) [127] [128

] (./refman.ind
Underfull \hbox (badness 832) in paragraph at lines 93--95
[]\T1/phv/m/n/10 Iir::Butterworth::HighPass$\OML/cmm/m/it/10 <$ \T1/phv/m/n/10 
Fil-terOrder, State-Type $\OML/cmm/m/it/10 >$\T1/phv/m/n/10 ,
 []

[129

]
Underfull \hbox (badness 963) in paragraph at lines 158--160
[]\T1/phv/m/n/10 Iir::ChebyshevI::LowShelf$\OML/cmm/m/it/10 <$ \T1/phv/m/n/10 F
il-terOrder, State-Type $\OML/cmm/m/it/10 >$\T1/phv/m/n/10 ,
 []

[130]
Underfull \hbox (badness 7869) in paragraph at lines 301--303
[]| \T1/phv/m/n/10 Iir::ChebyshevI::BandShelf$\OML/cmm/m/it/10 <$ \T1/phv/m/n/1
0 Fil-terOrder, State-
 []


Underfull \hbox (badness 5475) in paragraph at lines 313--315
[]| \T1/phv/m/n/10 Iir::ChebyshevII::BandPass$\OML/cmm/m/it/10 <$ \T1/phv/m/n/1
0 Fil-terOrder, State-
 []


Underfull \hbox (badness 4429) in paragraph at lines 315--317
[]| \T1/phv/m/n/10 Iir::ChebyshevII::BandShelf$\OML/cmm/m/it/10 <$ \T1/phv/m/n/
10 Fil-terOrder, State-
 []


Underfull \hbox (badness 7064) in paragraph at lines 317--319
[]| \T1/phv/m/n/10 Iir::ChebyshevII::BandStop$\OML/cmm/m/it/10 <$ \T1/phv/m/n/1
0 Fil-terOrder, State-
 []


Underfull \hbox (badness 7869) in paragraph at lines 321--323
[]| \T1/phv/m/n/10 Iir::ChebyshevII::HighShelf$\OML/cmm/m/it/10 <$ \T1/phv/m/n/
10 Fil-terOrder, State-
 []


Underfull \hbox (badness 7869) in paragraph at lines 356--358
[]| \T1/phv/m/n/10 Iir::ChebyshevI::BandShelf$\OML/cmm/m/it/10 <$ \T1/phv/m/n/1
0 Fil-terOrder, State-
 []


Underfull \hbox (badness 5475) in paragraph at lines 368--370
[]| \T1/phv/m/n/10 Iir::ChebyshevII::BandPass$\OML/cmm/m/it/10 <$ \T1/phv/m/n/1
0 Fil-terOrder, State-
 []

[131]
Underfull \hbox (badness 4429) in paragraph at lines 370--372
[]| \T1/phv/m/n/10 Iir::ChebyshevII::BandShelf$\OML/cmm/m/it/10 <$ \T1/phv/m/n/
10 Fil-terOrder, State-
 []


Underfull \hbox (badness 7064) in paragraph at lines 372--374
[]| \T1/phv/m/n/10 Iir::ChebyshevII::BandStop$\OML/cmm/m/it/10 <$ \T1/phv/m/n/1
0 Fil-terOrder, State-
 []


Underfull \hbox (badness 7869) in paragraph at lines 376--378
[]| \T1/phv/m/n/10 Iir::ChebyshevII::HighShelf$\OML/cmm/m/it/10 <$ \T1/phv/m/n/
10 Fil-terOrder, State-
 []

[132

]) (./refman.aux)
 ***********
LaTeX2e <2023-11-01> patch level 1
L3 programming layer <2024-01-22>
 ***********
Package rerunfilecheck Info: File `refman.out' has not changed.
(rerunfilecheck)             Checksum: F2D2C4AEA9F5D719B499CB55B8F788B1;56783.
 ) 
Here is how much of TeX's memory you used:
 20646 strings out of 474222
 374140 string characters out of 5748733
 1957975 words of memory out of 5000000
 41276 multiletter control sequences out of 15000+600000
 609807 words of font info for 109 fonts, out of 8000000 for 9000
 1141 hyphenation exceptions out of 8191
 101i,16n,117p,730b,752s stack positions out of 10000i,1000n,20000p,200000b,200000s
</usr/share/texlive/texmf-dist/fonts/type1/public/amsfonts/cm/cmmi10.pfb></us
r/share/texlive/texmf-dist/fonts/type1/public/amsfonts/cm/cmmi12.pfb></usr/shar
e/texlive/texmf-dist/fonts/type1/public/amsfonts/cm/cmmi7.pfb></usr/share/texli
ve/texmf-dist/fonts/type1/public/amsfonts/cm/cmmi8.pfb></usr/share/texlive/texm
f-dist/fonts/type1/public/amsfonts/cm/cmsy10.pfb></usr/share/texlive/texmf-dist
/fonts/type1/public/amsfonts/cm/cmsy7.pfb></usr/share/texlive/texmf-dist/fonts/
type1/urw/courier/ucrb8a.pfb></usr/share/texlive/texmf-dist/fonts/type1/urw/cou
rier/ucrr8a.pfb></usr/share/texlive/texmf-dist/fonts/type1/urw/courier/ucrro8a.
pfb></usr/share/texlive/texmf-dist/fonts/type1/urw/helvetic/uhvb8a.pfb></usr/sh
are/texlive/texmf-dist/fonts/type1/urw/helvetic/uhvb8ac.pfb></usr/share/texlive
/texmf-dist/fonts/type1/urw/helvetic/uhvr8a.pfb></usr/share/texlive/texmf-dist/
fonts/type1/urw/helvetic/uhvro8a.pfb>
Output written on refman.pdf (138 pages, 788662 bytes).
PDF statistics:
 5168 PDF objects out of 6186 (max. 8388607)
 4720 compressed objects within 48 object streams
 1089 named destinations out of 1200 (max. 500000)
 2065 words of extra memory for PDF output out of 10000 (max. 10000000)

